#
# There is insufficient memory for the Java Runtime Environment to continue.
# Native memory allocation (mmap) failed to map 355467264 bytes for Failed to commit area from 0x0000000096500000 to 0x00000000ab800000 of length 355467264.
# Possible reasons:
#   The system is out of physical RAM or swap space
#   The process is running with CompressedOops enabled, and the Java Heap may be blocking the growth of the native heap
# Possible solutions:
#   Reduce memory load on the system
#   Increase physical memory or swap space
#   Check if swap backing store is full
#   Decrease Java heap size (-Xmx/-Xms)
#   Decrease number of Java threads
#   Decrease Java thread stack sizes (-Xss)
#   Set larger code cache with -XX:ReservedCodeCacheSize=
#   JVM is running with Unscaled Compressed Oops mode in which the Java heap is
#     placed in the first 4GB address space. The Java Heap base address is the
#     maximum limit for the native heap growth. Please use -XX:HeapBaseMinAddress
#     to set the Java Heap base and to place the Java Heap above 4GB virtual address.
# This output file may be truncated or incomplete.
#
#  Out of Memory Error (./src/hotspot/os/windows/os_windows.cpp:3301), pid=19096, tid=2792
#
# JRE version: OpenJDK Runtime Environment (11.0.10) (build 11.0.10+0-b96-7249189)
# Java VM: OpenJDK 64-Bit Server VM (11.0.10+0-b96-7249189, mixed mode, tiered, compressed oops, g1 gc, windows-amd64)
# No core dump will be written. Minidumps are not enabled by default on client versions of Windows
#

---------------  S U M M A R Y ------------

Command Line: --add-opens=java.base/java.util=ALL-UNNAMED --add-opens=java.base/java.lang=ALL-UNNAMED --add-opens=java.base/java.lang.invoke=ALL-UNNAMED --add-opens=java.base/java.util=ALL-UNNAMED --add-opens=java.prefs/java.util.prefs=ALL-UNNAMED --add-opens=java.prefs/java.util.prefs=ALL-UNNAMED --add-opens=java.base/java.nio.charset=ALL-UNNAMED --add-opens=java.base/java.net=ALL-UNNAMED --add-opens=java.base/java.util.concurrent.atomic=ALL-UNNAMED -Xmx2048m -Dfile.encoding=UTF-8 -Duser.country=IN -Duser.language=en -Duser.variant org.gradle.launcher.daemon.bootstrap.GradleDaemon 7.0.2

Host: AMD Ryzen 5 3500U with Radeon Vega Mobile Gfx  , 8 cores, 6G,  Windows 10 , 64 bit Build 19041 (10.0.19041.1202)
Time: Wed Nov  3 00:56:25 2021 India Standard Time elapsed time: 18615.992621 seconds (0d 5h 10m 15s)

---------------  T H R E A D  ---------------

Current thread (0x000002463c991000):  VMThread "VM Thread" [stack: 0x000000edfa300000,0x000000edfa400000] [id=2792]

Stack: [0x000000edfa300000,0x000000edfa400000]
[error occurred during error reporting (printing stack bounds), id 0xc0000005, EXCEPTION_ACCESS_VIOLATION (0xc0000005) at pc=0x0000024625830f2d]

Native frames: (J=compiled Java code, j=interpreted, Vv=VM code, C=native code)
V  [jvm.dll+0x5ecfaa]
V  [jvm.dll+0x722bd5]
V  [jvm.dll+0x72412d]
V  [jvm.dll+0x724745]
V  [jvm.dll+0x7246fb]
V  [jvm.dll+0x5ec348]
V  [jvm.dll+0x5ecad8]
C  [ntdll.dll+0xa20cf]
C  [ntdll.dll+0x51454]
C  [ntdll.dll+0xa0bfe]
C  0x0000024625830f2d

VM_Operation (0x000000ed814f9c10): G1CollectForAllocation, mode: safepoint, requested by thread 0x000002464b1dc800


---------------  P R O C E S S  ---------------

Threads class SMR info:
_java_thread_list=0x000002464bc6ff10, length=65, elements={
0x0000024621d1b800, 0x000002463d1b1800, 0x000002463d1b7000, 0x000002463c99f800,
0x000002463c9a0800, 0x000002463c9a3000, 0x000002463c9a9800, 0x000002463c9ab000,
0x000002463c9ae800, 0x000002463d363800, 0x000002463e81f800, 0x000002463dc65800,
0x000002463d43c000, 0x000002463e5b5800, 0x000002463e5b6800, 0x000002463e5b7000,
0x000002463fb5b000, 0x000002463fb5b800, 0x000002463fb5d800, 0x000002463fb5f000,
0x000002463fb5e000, 0x000002463fb59000, 0x000002463fb60000, 0x000002463fb5a000,
0x000002463fb63000, 0x000002463fb64800, 0x000002463fb62000, 0x000002463fb67000,
0x0000024642181000, 0x000002464b1de000, 0x0000024647268000, 0x000002464217c800,
0x0000024642179800, 0x0000024642d51000, 0x0000024642d55000, 0x0000024642d52000,
0x0000024642d54800, 0x0000024642d52800, 0x0000024642d56000, 0x0000024642d50800,
0x0000024642d57000, 0x0000024642d5a000, 0x0000024642d5c800, 0x0000024642d57800,
0x0000024642d59800, 0x0000024642d58800, 0x0000024642d5e000, 0x0000024642d5f000,
0x0000024642d5b800, 0x000002464b1d9800, 0x000002464b1db800, 0x000002464b1da000,
0x000002464b1d7800, 0x000002464b1dc800, 0x000002464b1d7000, 0x000002464b1e0800,
0x000002464b1db000, 0x000002464b1e3000, 0x000002464b1df000, 0x000002464b1e1800,
0x000002464b1e2800, 0x000002464b1dd800, 0x000002464b1e4000, 0x000002464b1e4800,
0x000002464b1e5800
}

Java Threads: ( => current thread )
  0x0000024621d1b800 JavaThread "main" [_thread_blocked, id=5652, stack(0x000000edf9d00000,0x000000edf9e00000)]
  0x000002463d1b1800 JavaThread "Reference Handler" daemon [_thread_blocked, id=4240, stack(0x000000edfa400000,0x000000edfa500000)]
  0x000002463d1b7000 JavaThread "Finalizer" daemon [_thread_blocked, id=12136, stack(0x000000edfa500000,0x000000edfa600000)]
  0x000002463c99f800 JavaThread "Signal Dispatcher" daemon [_thread_blocked, id=11484, stack(0x000000edfa600000,0x000000edfa700000)]
  0x000002463c9a0800 JavaThread "Attach Listener" daemon [_thread_blocked, id=12940, stack(0x000000edfa700000,0x000000edfa800000)]
  0x000002463c9a3000 JavaThread "Service Thread" daemon [_thread_blocked, id=20996, stack(0x000000edfa800000,0x000000edfa900000)]
  0x000002463c9a9800 JavaThread "C2 CompilerThread0" daemon [_thread_blocked, id=16748, stack(0x000000edfa900000,0x000000edfaa00000)]
  0x000002463c9ab000 JavaThread "C1 CompilerThread0" daemon [_thread_blocked, id=18212, stack(0x000000edfaa00000,0x000000edfab00000)]
  0x000002463c9ae800 JavaThread "Sweeper thread" daemon [_thread_blocked, id=6864, stack(0x000000edfab00000,0x000000edfac00000)]
  0x000002463d363800 JavaThread "Common-Cleaner" daemon [_thread_blocked, id=6416, stack(0x000000edfac00000,0x000000edfad00000)]
  0x000002463e81f800 JavaThread "Daemon health stats" [_thread_blocked, id=21480, stack(0x000000edfb100000,0x000000edfb200000)]
  0x000002463dc65800 JavaThread "Incoming local TCP Connector on port 51758" [_thread_in_native, id=10812, stack(0x000000edfae00000,0x000000edfaf00000)]
  0x000002463d43c000 JavaThread "Daemon periodic checks" [_thread_blocked, id=6732, stack(0x000000edfaf00000,0x000000edfb000000)]
  0x000002463e5b5800 JavaThread "Cache worker for file hash cache (C:\Users\Ashu_Upmi\.gradle\caches\7.0.2\fileHashes)" [_thread_blocked, id=3764, stack(0x000000edfc000000,0x000000edfc100000)]
  0x000002463e5b6800 JavaThread "File lock request listener" [_thread_in_native, id=11444, stack(0x000000edfc100000,0x000000edfc200000)]
  0x000002463e5b7000 JavaThread "Cache worker for journal cache (C:\Users\Ashu_Upmi\.gradle\caches\journal-1)" [_thread_blocked, id=19328, stack(0x000000edfc300000,0x000000edfc400000)]
  0x000002463fb5b000 JavaThread "File watcher server" daemon [_thread_blocked, id=20428, stack(0x000000edfc600000,0x000000edfc700000)]
  0x000002463fb5b800 JavaThread "File watcher consumer" daemon [_thread_blocked, id=1368, stack(0x000000edfc700000,0x000000edfc800000)]
  0x000002463fb5d800 JavaThread "jar transforms" [_thread_blocked, id=9968, stack(0x000000edfc800000,0x000000edfc900000)]
  0x000002463fb5f000 JavaThread "jar transforms Thread 2" [_thread_blocked, id=13564, stack(0x000000edfc900000,0x000000edfca00000)]
  0x000002463fb5e000 JavaThread "jar transforms Thread 3" [_thread_blocked, id=15176, stack(0x000000edfca00000,0x000000edfcb00000)]
  0x000002463fb59000 JavaThread "jar transforms Thread 4" [_thread_blocked, id=4252, stack(0x000000edfcb00000,0x000000edfcc00000)]
  0x000002463fb60000 JavaThread "jar transforms Thread 5" [_thread_blocked, id=556, stack(0x000000edfcc00000,0x000000edfcd00000)]
  0x000002463fb5a000 JavaThread "jar transforms Thread 6" [_thread_blocked, id=8168, stack(0x000000edfcd00000,0x000000edfce00000)]
  0x000002463fb63000 JavaThread "jar transforms Thread 7" [_thread_blocked, id=17648, stack(0x000000edfce00000,0x000000edfcf00000)]
  0x000002463fb64800 JavaThread "jar transforms Thread 8" [_thread_blocked, id=15880, stack(0x000000edfcf00000,0x000000edfd000000)]
  0x000002463fb62000 JavaThread "Cache worker for execution history cache (C:\Users\Ashu_Upmi\.gradle\caches\7.0.2\executionHistory)" [_thread_blocked, id=5524, stack(0x000000edfd400000,0x000000edfd500000)]
  0x000002463fb67000 JavaThread "Cache worker for file content cache (C:\Users\Ashu_Upmi\.gradle\caches\7.0.2\fileContent)" [_thread_blocked, id=152, stack(0x000000edfd500000,0x000000edfd600000)]
  0x0000024642181000 JavaThread "Memory manager" [_thread_blocked, id=10572, stack(0x000000edfe000000,0x000000edfe100000)]
  0x000002464b1de000 JavaThread "RMI Scheduler(0)" daemon [_thread_blocked, id=16432, stack(0x000000edfc400000,0x000000edfc500000)]
  0x0000024647268000 JavaThread "RMI TCP Accept-0" daemon [_thread_in_native, id=5320, stack(0x000000edff600000,0x000000edff700000)]
  0x000002464217c800 JavaThread "Cache worker for Java compile cache (C:\Users\Ashu_Upmi\.gradle\caches\7.0.2\javaCompile)" [_thread_blocked, id=21192, stack(0x000000edfea00000,0x000000edfeb00000)]
  0x0000024642179800 JavaThread "ForkJoinPool.commonPool-worker-15" daemon [_thread_blocked, id=19068, stack(0x000000ed82300000,0x000000ed82400000)]
  0x0000024642d51000 JavaThread "Daemon Thread 26" [_thread_blocked, id=7208, stack(0x000000ed80000000,0x000000ed80100000)]
  0x0000024642d55000 JavaThread "Handler for socket connection from /127.0.0.1:51758 to /127.0.0.1:63026" [_thread_in_native, id=8648, stack(0x000000ed80100000,0x000000ed80200000)]
  0x0000024642d52000 JavaThread "Cancel handler" [_thread_blocked, id=12048, stack(0x000000ed80200000,0x000000ed80300000)]
  0x0000024642d54800 JavaThread "Daemon worker Thread 26" [_thread_blocked, id=1520, stack(0x000000ed80300000,0x000000ed80400000)]
  0x0000024642d52800 JavaThread "Asynchronous log dispatcher for DefaultDaemonConnection: socket connection from /127.0.0.1:51758 to /127.0.0.1:63026" [_thread_blocked, id=6296, stack(0x000000ed80400000,0x000000ed80500000)]
  0x0000024642d56000 JavaThread "Stdin handler" [_thread_blocked, id=15040, stack(0x000000ed80500000,0x000000ed80600000)]
  0x0000024642d50800 JavaThread "Daemon client event forwarder" [_thread_blocked, id=1936, stack(0x000000ed80600000,0x000000ed80700000)]
  0x0000024642d57000 JavaThread "Cache worker for file hash cache (D:\Prabhakar\Full Stack Android Development\Android Studio\To Do Task Manager\.gradle\7.0.2\fileHashes)" [_thread_blocked, id=16168, stack(0x000000ed80700000,0x000000ed80800000)]
  0x0000024642d5a000 JavaThread "Cache worker for checksums cache (D:\Prabhakar\Full Stack Android Development\Android Studio\To Do Task Manager\.gradle\checksums)" [_thread_blocked, id=14880, stack(0x000000ed80800000,0x000000ed80900000)]
  0x0000024642d5c800 JavaThread "Cache worker for cache directory md-supplier (C:\Users\Ashu_Upmi\.gradle\caches\7.0.2\md-supplier)" [_thread_blocked, id=20088, stack(0x000000ed80900000,0x000000ed80a00000)]
  0x0000024642d57800 JavaThread "Cache worker for cache directory md-rule (C:\Users\Ashu_Upmi\.gradle\caches\7.0.2\md-rule)" [_thread_blocked, id=6868, stack(0x000000ed80a00000,0x000000ed80b00000)]
  0x0000024642d59800 JavaThread "Cache worker for dependencies-accessors (D:\Prabhakar\Full Stack Android Development\Android Studio\To Do Task Manager\.gradle\7.0.2\dependencies-accessors)" [_thread_blocked, id=13748, stack(0x000000ed80b00000,0x000000ed80c00000)]
  0x0000024642d58800 JavaThread "Cache worker for Build Output Cleanup Cache (D:\Prabhakar\Full Stack Android Development\Android Studio\To Do Task Manager\.gradle\buildOutputCleanup)" [_thread_blocked, id=19716, stack(0x000000ed80c00000,0x000000ed80d00000)]
  0x0000024642d5e000 JavaThread "Build operations" [_thread_blocked, id=4076, stack(0x000000ed80d00000,0x000000ed80e00000)]
  0x0000024642d5f000 JavaThread "Build operations Thread 2" [_thread_blocked, id=13444, stack(0x000000ed80e00000,0x000000ed80f00000)]
  0x0000024642d5b800 JavaThread "Build operations Thread 3" [_thread_blocked, id=15260, stack(0x000000ed80f00000,0x000000ed81000000)]
  0x000002464b1d9800 JavaThread "Build operations Thread 4" [_thread_blocked, id=19276, stack(0x000000ed81000000,0x000000ed81100000)]
  0x000002464b1db800 JavaThread "Build operations Thread 5" [_thread_blocked, id=20960, stack(0x000000ed81100000,0x000000ed81200000)]
  0x000002464b1da000 JavaThread "Build operations Thread 6" [_thread_blocked, id=3212, stack(0x000000ed81200000,0x000000ed81300000)]
  0x000002464b1d7800 JavaThread "Build operations Thread 7" [_thread_blocked, id=19292, stack(0x000000ed81300000,0x000000ed81400000)]
  0x000002464b1dc800 JavaThread "Build operations Thread 8" [_thread_blocked, id=11584, stack(0x000000ed81400000,0x000000ed81500000)]
  0x000002464b1d7000 JavaThread "build event listener" [_thread_blocked, id=19792, stack(0x000000ed81500000,0x000000ed81600000)]
  0x000002464b1e0800 JavaThread "Execution worker for ':'" [_thread_blocked, id=18928, stack(0x000000ed81600000,0x000000ed81700000)]
  0x000002464b1db000 JavaThread "Execution worker for ':' Thread 2" [_thread_blocked, id=7768, stack(0x000000ed81700000,0x000000ed81800000)]
  0x000002464b1e3000 JavaThread "Execution worker for ':' Thread 3" [_thread_blocked, id=9044, stack(0x000000ed81800000,0x000000ed81900000)]
  0x000002464b1df000 JavaThread "Execution worker for ':' Thread 4" [_thread_blocked, id=6944, stack(0x000000ed81900000,0x000000ed81a00000)]
  0x000002464b1e1800 JavaThread "Execution worker for ':' Thread 5" [_thread_blocked, id=1960, stack(0x000000ed81a00000,0x000000ed81b00000)]
  0x000002464b1e2800 JavaThread "Execution worker for ':' Thread 6" [_thread_blocked, id=16128, stack(0x000000ed81b00000,0x000000ed81c00000)]
  0x000002464b1dd800 JavaThread "Execution worker for ':' Thread 7" [_thread_blocked, id=2876, stack(0x000000ed81c00000,0x000000ed81d00000)]
  0x000002464b1e4000 JavaThread "Cache worker for execution history cache (D:\Prabhakar\Full Stack Android Development\Android Studio\To Do Task Manager\.gradle\7.0.2\executionHistory)" [_thread_blocked, id=17852, stack(0x000000ed81d00000,0x000000ed81e00000)]
  0x000002464b1e4800 JavaThread "WorkerExecutor Queue" [_thread_blocked, id=15976, stack(0x000000ed81e00000,0x000000ed81f00000)]
  0x000002464b1e5800 JavaThread "C2 CompilerThread1" daemon [_thread_blocked, id=1852, stack(0x000000ed81f00000,0x000000ed82000000)]

Other Threads:
=>0x000002463c991000 VMThread "VM Thread" [stack: 0x000000edfa300000,0x000000edfa400000] [id=2792]
  0x000002463d393000 WatcherThread [stack: 0x000000edfad00000,0x000000edfae00000] [id=16440]
  0x0000024621d32800 GCTaskThread "GC Thread#0" [stack: 0x000000edf9e00000,0x000000edf9f00000] [id=15928]
  0x000002463de4a800 GCTaskThread "GC Thread#1" [stack: 0x000000edfb000000,0x000000edfb100000] [id=19816]
  0x000002463f0e2800 GCTaskThread "GC Thread#2" [stack: 0x000000edfb800000,0x000000edfb900000] [id=16216]
  0x000002463f0e3000 GCTaskThread "GC Thread#3" [stack: 0x000000edfb900000,0x000000edfba00000] [id=16024]
  0x000002463f0e7000 GCTaskThread "GC Thread#4" [stack: 0x000000edfba00000,0x000000edfbb00000] [id=9440]
  0x000002463f0e8000 GCTaskThread "GC Thread#5" [stack: 0x000000edfbb00000,0x000000edfbc00000] [id=1732]
  0x000002463f0e8800 GCTaskThread "GC Thread#6" [stack: 0x000000edfbc00000,0x000000edfbd00000] [id=8512]
  0x000002463f42c000 GCTaskThread "GC Thread#7" [stack: 0x000000edfbd00000,0x000000edfbe00000] [id=18600]
  0x0000024621d67800 ConcurrentGCThread "G1 Main Marker" [stack: 0x000000edf9f00000,0x000000edfa000000] [id=12732]
  0x0000024621d68800 ConcurrentGCThread "G1 Conc#0" [stack: 0x000000edfa000000,0x000000edfa100000] [id=17188]
  0x000002463f429000 ConcurrentGCThread "G1 Conc#1" [stack: 0x000000edfc200000,0x000000edfc300000] [id=2764]
  0x000002463c7df800 ConcurrentGCThread "G1 Refine#0" [stack: 0x000000edfa100000,0x000000edfa200000] [id=11540]
  0x000002463e3ee800 ConcurrentGCThread "G1 Refine#1" [stack: 0x000000edfbe00000,0x000000edfbf00000] [id=11808]
  0x000002463c7e0800 ConcurrentGCThread "G1 Young RemSet Sampling" [stack: 0x000000edfa200000,0x000000edfa300000] [id=12964]

Threads with active compile tasks:
C2 CompilerThread018616042 41202       4       com.android.tools.r8.internal.UC::b (682 bytes)
C2 CompilerThread118616042 41179 %     4       com.android.tools.r8.ir.regalloc.a::a @ 1405 (3985 bytes)

VM state:at safepoint (normal execution)

VM Mutex/Monitor currently owned by a thread:  ([mutex/lock_event])
[0x0000024621d18a50] Threads_lock - owner thread: 0x000002463c991000
[0x0000024621d17970] Heap_lock - owner thread: 0x000002464b1dc800

Heap address: 0x0000000080000000, size: 2048 MB, Compressed Oops mode: 32-bit
Narrow klass base: 0x0000000000000000, Narrow klass shift: 3
Compressed class space size: 1073741824 Address: 0x0000000100000000

Heap:
 garbage-first heap   total 712704K, used 192923K [0x0000000080000000, 0x0000000100000000)
  region size 1024K, 7 young (7168K), 7 survivors (7168K)
 Metaspace       used 156896K, capacity 162000K, committed 165504K, reserved 1193984K
  class space    used 18895K, capacity 20805K, committed 21888K, reserved 1048576K
Heap Regions: E=young(eden), S=young(survivor), O=old, HS=humongous(starts), HC=humongous(continues), CS=collection set, F=free, A=archive, TAMS=top-at-mark-start (previous, next)
|   0|0x0000000080000000, 0x00000000800fffe8, 0x0000000080100000| 99%| O|  |TAMS 0x00000000800fffe8, 0x0000000080000000| Untracked 
|   1|0x0000000080100000, 0x00000000801eaac8, 0x0000000080200000| 91%| O|  |TAMS 0x00000000801eaac8, 0x0000000080100000| Untracked 
|   2|0x0000000080200000, 0x00000000802ffff0, 0x0000000080300000| 99%| O|  |TAMS 0x00000000802ffff0, 0x0000000080200000| Untracked 
|   3|0x0000000080300000, 0x0000000080400000, 0x0000000080400000|100%|HS|  |TAMS 0x0000000080400000, 0x0000000080300000| Complete 
|   4|0x0000000080400000, 0x0000000080500000, 0x0000000080500000|100%|HC|  |TAMS 0x0000000080500000, 0x0000000080400000| Complete 
|   5|0x0000000080500000, 0x0000000080600000, 0x0000000080600000|100%|HC|  |TAMS 0x0000000080600000, 0x0000000080500000| Complete 
|   6|0x0000000080600000, 0x00000000806f5868, 0x0000000080700000| 95%| O|  |TAMS 0x00000000806f5868, 0x0000000080600000| Untracked 
|   7|0x0000000080700000, 0x00000000807fa110, 0x0000000080800000| 97%| O|  |TAMS 0x00000000807fa110, 0x0000000080700000| Untracked 
|   8|0x0000000080800000, 0x00000000808dcf38, 0x0000000080900000| 86%| O|  |TAMS 0x00000000808dcf38, 0x0000000080800000| Untracked 
|   9|0x0000000080900000, 0x00000000809e2560, 0x0000000080a00000| 88%| O|  |TAMS 0x00000000809e2560, 0x0000000080900000| Untracked 
|  10|0x0000000080a00000, 0x0000000080afdb40, 0x0000000080b00000| 99%| O|  |TAMS 0x0000000080afdb40, 0x0000000080a00000| Untracked 
|  11|0x0000000080b00000, 0x0000000080bff068, 0x0000000080c00000| 99%| O|  |TAMS 0x0000000080bff068, 0x0000000080b00000| Untracked 
|  12|0x0000000080c00000, 0x0000000080cffe60, 0x0000000080d00000| 99%| O|  |TAMS 0x0000000080cffe60, 0x0000000080c00000| Untracked 
|  13|0x0000000080d00000, 0x0000000080e00000, 0x0000000080e00000|100%| O|  |TAMS 0x0000000080e00000, 0x0000000080d00000| Untracked 
|  14|0x0000000080e00000, 0x0000000080f00000, 0x0000000080f00000|100%| O|  |TAMS 0x0000000080f00000, 0x0000000080e00000| Untracked 
|  15|0x0000000080f00000, 0x0000000081000000, 0x0000000081000000|100%|HS|  |TAMS 0x0000000081000000, 0x0000000080f00000| Complete 
|  16|0x0000000081000000, 0x0000000081100000, 0x0000000081100000|100%|HC|  |TAMS 0x0000000081100000, 0x0000000081000000| Complete 
|  17|0x0000000081100000, 0x0000000081200000, 0x0000000081200000|100%|HS|  |TAMS 0x0000000081200000, 0x0000000081100000| Complete 
|  18|0x0000000081200000, 0x0000000081300000, 0x0000000081300000|100%|HC|  |TAMS 0x0000000081300000, 0x0000000081200000| Complete 
|  19|0x0000000081300000, 0x0000000081400000, 0x0000000081400000|100%|HC|  |TAMS 0x0000000081400000, 0x0000000081300000| Complete 
|  20|0x0000000081400000, 0x0000000081500000, 0x0000000081500000|100%|HS|  |TAMS 0x0000000081500000, 0x0000000081400000| Complete 
|  21|0x0000000081500000, 0x0000000081600000, 0x0000000081600000|100%|HC|  |TAMS 0x0000000081600000, 0x0000000081500000| Complete 
|  22|0x0000000081600000, 0x0000000081700000, 0x0000000081700000|100%|HC|  |TAMS 0x0000000081700000, 0x0000000081600000| Complete 
|  23|0x0000000081700000, 0x0000000081800000, 0x0000000081800000|100%|HC|  |TAMS 0x0000000081800000, 0x0000000081700000| Complete 
|  24|0x0000000081800000, 0x0000000081900000, 0x0000000081900000|100%|HC|  |TAMS 0x0000000081900000, 0x0000000081800000| Complete 
|  25|0x0000000081900000, 0x0000000081a00000, 0x0000000081a00000|100%| O|  |TAMS 0x0000000081a00000, 0x0000000081900000| Untracked 
|  26|0x0000000081a00000, 0x0000000081afffe8, 0x0000000081b00000| 99%| O|  |TAMS 0x0000000081afffe8, 0x0000000081a00000| Untracked 
|  27|0x0000000081b00000, 0x0000000081bffff0, 0x0000000081c00000| 99%| O|  |TAMS 0x0000000081bffff0, 0x0000000081b00000| Untracked 
|  28|0x0000000081c00000, 0x0000000081cfffd0, 0x0000000081d00000| 99%| O|  |TAMS 0x0000000081cfffd0, 0x0000000081c00000| Untracked 
|  29|0x0000000081d00000, 0x0000000081df7b68, 0x0000000081e00000| 96%| O|  |TAMS 0x0000000081df7b68, 0x0000000081d00000| Untracked 
|  30|0x0000000081e00000, 0x0000000081efffd0, 0x0000000081f00000| 99%| O|  |TAMS 0x0000000081efffd0, 0x0000000081e00000| Untracked 
|  31|0x0000000081f00000, 0x0000000081ffffd0, 0x0000000082000000| 99%| O|  |TAMS 0x0000000081ffffd0, 0x0000000081f00000| Untracked 
|  32|0x0000000082000000, 0x00000000820ffff8, 0x0000000082100000| 99%| O|  |TAMS 0x00000000820ffff8, 0x0000000082000000| Untracked 
|  33|0x0000000082100000, 0x00000000821ffff0, 0x0000000082200000| 99%| O|  |TAMS 0x00000000821ffff0, 0x0000000082100000| Untracked 
|  34|0x0000000082200000, 0x00000000822ffff0, 0x0000000082300000| 99%| O|  |TAMS 0x00000000822ffff0, 0x0000000082200000| Untracked 
|  35|0x0000000082300000, 0x0000000082400000, 0x0000000082400000|100%| O|  |TAMS 0x0000000082400000, 0x0000000082300000| Untracked 
|  36|0x0000000082400000, 0x00000000824ffff8, 0x0000000082500000| 99%| O|  |TAMS 0x00000000824ffff8, 0x0000000082400000| Untracked 
|  37|0x0000000082500000, 0x00000000825fffe8, 0x0000000082600000| 99%| O|  |TAMS 0x00000000825fffe8, 0x0000000082500000| Untracked 
|  38|0x0000000082600000, 0x0000000082700000, 0x0000000082700000|100%| O|  |TAMS 0x0000000082700000, 0x0000000082600000| Untracked 
|  39|0x0000000082700000, 0x0000000082800000, 0x0000000082800000|100%| O|  |TAMS 0x0000000082800000, 0x0000000082700000| Complete 
|  40|0x0000000082800000, 0x00000000828de1b8, 0x0000000082900000| 86%| O|  |TAMS 0x00000000828de1b8, 0x0000000082800000| Untracked 
|  41|0x0000000082900000, 0x00000000829fffc8, 0x0000000082a00000| 99%| O|  |TAMS 0x00000000829fffc8, 0x0000000082900000| Untracked 
|  42|0x0000000082a00000, 0x0000000082ad0630, 0x0000000082b00000| 81%| O|  |TAMS 0x0000000082ad0630, 0x0000000082a00000| Complete 
|  43|0x0000000082b00000, 0x0000000082bfffc8, 0x0000000082c00000| 99%| O|  |TAMS 0x0000000082bfffc8, 0x0000000082b00000| Untracked 
|  44|0x0000000082c00000, 0x0000000082cfd590, 0x0000000082d00000| 98%| O|  |TAMS 0x0000000082cfd590, 0x0000000082c00000| Untracked 
|  45|0x0000000082d00000, 0x0000000082dffff0, 0x0000000082e00000| 99%| O|  |TAMS 0x0000000082dffff0, 0x0000000082d00000| Complete 
|  46|0x0000000082e00000, 0x0000000082effff8, 0x0000000082f00000| 99%| O|  |TAMS 0x0000000082effff8, 0x0000000082e00000| Untracked 
|  47|0x0000000082f00000, 0x0000000082ffffe0, 0x0000000083000000| 99%| O|  |TAMS 0x0000000082ffffe0, 0x0000000082f00000| Untracked 
|  48|0x0000000083000000, 0x0000000083100000, 0x0000000083100000|100%| O|  |TAMS 0x0000000083100000, 0x0000000083000000| Untracked 
|  49|0x0000000083100000, 0x0000000083200000, 0x0000000083200000|100%| O|  |TAMS 0x0000000083200000, 0x0000000083100000| Untracked 
|  50|0x0000000083200000, 0x0000000083300000, 0x0000000083300000|100%| O|  |TAMS 0x0000000083300000, 0x0000000083200000| Untracked 
|  51|0x0000000083300000, 0x00000000833fffe8, 0x0000000083400000| 99%| O|  |TAMS 0x00000000833fffe8, 0x0000000083300000| Untracked 
|  52|0x0000000083400000, 0x00000000834fffe0, 0x0000000083500000| 99%| O|  |TAMS 0x00000000834fffe0, 0x0000000083400000| Untracked 
|  53|0x0000000083500000, 0x00000000835f6df0, 0x0000000083600000| 96%| O|  |TAMS 0x00000000835f6df0, 0x0000000083500000| Untracked 
|  54|0x0000000083600000, 0x0000000083700000, 0x0000000083700000|100%|HS|  |TAMS 0x0000000083700000, 0x0000000083600000| Complete 
|  55|0x0000000083700000, 0x0000000083800000, 0x0000000083800000|100%|HS|  |TAMS 0x0000000083800000, 0x0000000083700000| Complete 
|  56|0x0000000083800000, 0x0000000083900000, 0x0000000083900000|100%|HS|  |TAMS 0x0000000083900000, 0x0000000083800000| Complete 
|  57|0x0000000083900000, 0x0000000083a00000, 0x0000000083a00000|100%|HS|  |TAMS 0x0000000083a00000, 0x0000000083900000| Complete 
|  58|0x0000000083a00000, 0x0000000083b00000, 0x0000000083b00000|100%|HC|  |TAMS 0x0000000083b00000, 0x0000000083a00000| Complete 
|  59|0x0000000083b00000, 0x0000000083c00000, 0x0000000083c00000|100%|HC|  |TAMS 0x0000000083c00000, 0x0000000083b00000| Complete 
|  60|0x0000000083c00000, 0x0000000083cfffe0, 0x0000000083d00000| 99%| O|  |TAMS 0x0000000083cfffe0, 0x0000000083c00000| Untracked 
|  61|0x0000000083d00000, 0x0000000083db8ec8, 0x0000000083e00000| 72%| O|  |TAMS 0x0000000083db8ec8, 0x0000000083d00000| Complete 
|  62|0x0000000083e00000, 0x0000000083f00000, 0x0000000083f00000|100%| O|  |TAMS 0x0000000083f00000, 0x0000000083e00000| Complete 
|  63|0x0000000083f00000, 0x0000000084000000, 0x0000000084000000|100%|HS|  |TAMS 0x0000000084000000, 0x0000000083f00000| Complete 
|  64|0x0000000084000000, 0x0000000084100000, 0x0000000084100000|100%|HC|  |TAMS 0x0000000084100000, 0x0000000084000000| Complete 
|  65|0x0000000084100000, 0x0000000084200000, 0x0000000084200000|100%| O|  |TAMS 0x0000000084200000, 0x0000000084100000| Untracked 
|  66|0x0000000084200000, 0x0000000084300000, 0x0000000084300000|100%| O|  |TAMS 0x0000000084300000, 0x0000000084200000| Untracked 
|  67|0x0000000084300000, 0x00000000843fffc0, 0x0000000084400000| 99%| O|  |TAMS 0x00000000843fffc0, 0x0000000084300000| Untracked 
|  68|0x0000000084400000, 0x00000000844ffff0, 0x0000000084500000| 99%| O|  |TAMS 0x00000000844ffff0, 0x0000000084400000| Untracked 
|  69|0x0000000084500000, 0x00000000845ffff0, 0x0000000084600000| 99%| O|  |TAMS 0x00000000845ffff0, 0x0000000084500000| Untracked 
|  70|0x0000000084600000, 0x0000000084700000, 0x0000000084700000|100%| O|  |TAMS 0x0000000084700000, 0x0000000084600000| Untracked 
|  71|0x0000000084700000, 0x00000000847ffcf8, 0x0000000084800000| 99%| O|  |TAMS 0x00000000847ffcf8, 0x0000000084700000| Untracked 
|  72|0x0000000084800000, 0x00000000848ff360, 0x0000000084900000| 99%| O|  |TAMS 0x00000000848ff360, 0x0000000084800000| Untracked 
|  73|0x0000000084900000, 0x00000000849ffff0, 0x0000000084a00000| 99%| O|  |TAMS 0x00000000849ffff0, 0x0000000084900000| Untracked 
|  74|0x0000000084a00000, 0x0000000084aff228, 0x0000000084b00000| 99%| O|  |TAMS 0x0000000084aff228, 0x0000000084a00000| Untracked 
|  75|0x0000000084b00000, 0x0000000084c00000, 0x0000000084c00000|100%| O|  |TAMS 0x0000000084c00000, 0x0000000084b00000| Untracked 
|  76|0x0000000084c00000, 0x0000000084d00000, 0x0000000084d00000|100%| O|  |TAMS 0x0000000084d00000, 0x0000000084c00000| Complete 
|  77|0x0000000084d00000, 0x0000000084dfff78, 0x0000000084e00000| 99%| O|  |TAMS 0x0000000084dfff78, 0x0000000084d00000| Untracked 
|  78|0x0000000084e00000, 0x0000000084e193b0, 0x0000000084f00000|  9%| O|  |TAMS 0x0000000084e193b0, 0x0000000084e00000| Complete 
|  79|0x0000000084f00000, 0x0000000085000000, 0x0000000085000000|100%| O|  |TAMS 0x0000000085000000, 0x0000000084f00000| Complete 
|  80|0x0000000085000000, 0x0000000085100000, 0x0000000085100000|100%| O|  |TAMS 0x0000000085100000, 0x0000000085000000| Untracked 
|  81|0x0000000085100000, 0x00000000851fffe0, 0x0000000085200000| 99%| O|  |TAMS 0x00000000851fffe0, 0x0000000085100000| Untracked 
|  82|0x0000000085200000, 0x00000000852fffd0, 0x0000000085300000| 99%| O|  |TAMS 0x00000000852fffd0, 0x0000000085200000| Complete 
|  83|0x0000000085300000, 0x0000000085400000, 0x0000000085400000|100%| O|  |TAMS 0x0000000085400000, 0x0000000085300000| Untracked 
|  84|0x0000000085400000, 0x000000008549b778, 0x0000000085500000| 60%| O|  |TAMS 0x000000008549b778, 0x0000000085400000| Complete 
|  85|0x0000000085500000, 0x00000000855fffe0, 0x0000000085600000| 99%| O|  |TAMS 0x00000000855fffe0, 0x0000000085500000| Complete 
|  86|0x0000000085600000, 0x00000000856ffff0, 0x0000000085700000| 99%| O|  |TAMS 0x00000000856ffff0, 0x0000000085600000| Untracked 
|  87|0x0000000085700000, 0x0000000085800000, 0x0000000085800000|100%| O|  |TAMS 0x0000000085800000, 0x0000000085700000| Complete 
|  88|0x0000000085800000, 0x00000000858fffc8, 0x0000000085900000| 99%| O|  |TAMS 0x00000000858fffc8, 0x0000000085800000| Untracked 
|  89|0x0000000085900000, 0x00000000859ffff8, 0x0000000085a00000| 99%| O|  |TAMS 0x00000000859ffff8, 0x0000000085900000| Complete 
|  90|0x0000000085a00000, 0x0000000085b00000, 0x0000000085b00000|100%| O|  |TAMS 0x0000000085b00000, 0x0000000085a00000| Complete 
|  91|0x0000000085b00000, 0x0000000085c00000, 0x0000000085c00000|100%| O|  |TAMS 0x0000000085c00000, 0x0000000085b00000| Untracked 
|  92|0x0000000085c00000, 0x0000000085cfa4b8, 0x0000000085d00000| 97%| O|  |TAMS 0x0000000085cfa4b8, 0x0000000085c00000| Complete 
|  93|0x0000000085d00000, 0x0000000085e00000, 0x0000000085e00000|100%| O|  |TAMS 0x0000000085e00000, 0x0000000085d00000| Complete 
|  94|0x0000000085e00000, 0x0000000085effff8, 0x0000000085f00000| 99%| O|  |TAMS 0x0000000085effff8, 0x0000000085e00000| Complete 
|  95|0x0000000085f00000, 0x0000000085ffff98, 0x0000000086000000| 99%| O|  |TAMS 0x0000000085ffff98, 0x0000000085f00000| Untracked 
|  96|0x0000000086000000, 0x00000000860fffe0, 0x0000000086100000| 99%| O|  |TAMS 0x00000000860fffe0, 0x0000000086000000| Untracked 
|  97|0x0000000086100000, 0x00000000861fffb8, 0x0000000086200000| 99%| O|  |TAMS 0x00000000861fffb8, 0x0000000086100000| Complete 
|  98|0x0000000086200000, 0x00000000862fffa0, 0x0000000086300000| 99%| O|  |TAMS 0x00000000862fffa0, 0x0000000086200000| Untracked 
|  99|0x0000000086300000, 0x00000000863d8440, 0x0000000086400000| 84%| O|  |TAMS 0x00000000863d8440, 0x0000000086300000| Complete 
| 100|0x0000000086400000, 0x00000000864fffd8, 0x0000000086500000| 99%| O|  |TAMS 0x00000000864fffd8, 0x0000000086400000| Complete 
| 101|0x0000000086500000, 0x0000000086600000, 0x0000000086600000|100%| O|  |TAMS 0x0000000086600000, 0x0000000086500000| Untracked 
| 102|0x0000000086600000, 0x0000000086700000, 0x0000000086700000|100%| O|  |TAMS 0x0000000086700000, 0x0000000086600000| Complete 
| 103|0x0000000086700000, 0x00000000867fffe0, 0x0000000086800000| 99%| O|  |TAMS 0x00000000867fffe0, 0x0000000086700000| Complete 
| 104|0x0000000086800000, 0x0000000086900000, 0x0000000086900000|100%| O|  |TAMS 0x0000000086900000, 0x0000000086800000| Untracked 
| 105|0x0000000086900000, 0x000000008698df20, 0x0000000086a00000| 55%| O|  |TAMS 0x000000008698df20, 0x0000000086900000| Complete 
| 106|0x0000000086a00000, 0x0000000086b00000, 0x0000000086b00000|100%| O|  |TAMS 0x0000000086b00000, 0x0000000086a00000| Untracked 
| 107|0x0000000086b00000, 0x0000000086c00000, 0x0000000086c00000|100%| O|  |TAMS 0x0000000086c00000, 0x0000000086b00000| Untracked 
| 108|0x0000000086c00000, 0x0000000086d00000, 0x0000000086d00000|100%| O|  |TAMS 0x0000000086d00000, 0x0000000086c00000| Untracked 
| 109|0x0000000086d00000, 0x0000000086dfffe8, 0x0000000086e00000| 99%| O|  |TAMS 0x0000000086dfffe8, 0x0000000086d00000| Untracked 
| 110|0x0000000086e00000, 0x0000000086f00000, 0x0000000086f00000|100%| O|  |TAMS 0x0000000086f00000, 0x0000000086e00000| Complete 
| 111|0x0000000086f00000, 0x0000000086faea90, 0x0000000087000000| 68%| O|  |TAMS 0x0000000086faea90, 0x0000000086f00000| Complete 
| 112|0x0000000087000000, 0x0000000087100000, 0x0000000087100000|100%| O|  |TAMS 0x0000000087100000, 0x0000000087000000| Complete 
| 113|0x0000000087100000, 0x0000000087200000, 0x0000000087200000|100%| O|  |TAMS 0x0000000087200000, 0x0000000087100000| Complete 
| 114|0x0000000087200000, 0x00000000872af0b8, 0x0000000087300000| 68%| O|  |TAMS 0x00000000872af0b8, 0x0000000087200000| Complete 
| 115|0x0000000087300000, 0x0000000087400000, 0x0000000087400000|100%| O|  |TAMS 0x0000000087400000, 0x0000000087300000| Complete 
| 116|0x0000000087400000, 0x0000000087500000, 0x0000000087500000|100%| O|  |TAMS 0x0000000087500000, 0x0000000087400000| Complete 
| 117|0x0000000087500000, 0x0000000087600000, 0x0000000087600000|100%| O|  |TAMS 0x0000000087600000, 0x0000000087500000| Complete 
| 118|0x0000000087600000, 0x0000000087700000, 0x0000000087700000|100%| O|  |TAMS 0x0000000087700000, 0x0000000087600000| Complete 
| 119|0x0000000087700000, 0x0000000087800000, 0x0000000087800000|100%| O|  |TAMS 0x0000000087800000, 0x0000000087700000| Complete 
| 120|0x0000000087800000, 0x0000000087900000, 0x0000000087900000|100%| O|  |TAMS 0x0000000087900000, 0x0000000087800000| Complete 
| 121|0x0000000087900000, 0x0000000087a00000, 0x0000000087a00000|100%| O|  |TAMS 0x0000000087a00000, 0x0000000087900000| Complete 
| 122|0x0000000087a00000, 0x0000000087b00000, 0x0000000087b00000|100%| O|  |TAMS 0x0000000087b00000, 0x0000000087a00000| Untracked 
| 123|0x0000000087b00000, 0x0000000087c00000, 0x0000000087c00000|100%| O|  |TAMS 0x0000000087c00000, 0x0000000087b00000| Untracked 
| 124|0x0000000087c00000, 0x0000000087c74f80, 0x0000000087d00000| 45%| O|  |TAMS 0x0000000087c74f80, 0x0000000087c00000| Complete 
| 125|0x0000000087d00000, 0x0000000087e00000, 0x0000000087e00000|100%| O|  |TAMS 0x0000000087e00000, 0x0000000087d00000| Complete 
| 126|0x0000000087e00000, 0x0000000087f00000, 0x0000000087f00000|100%| O|  |TAMS 0x0000000087f00000, 0x0000000087e00000| Complete 
| 127|0x0000000087f00000, 0x0000000088000000, 0x0000000088000000|100%| O|  |TAMS 0x0000000088000000, 0x0000000087f00000| Complete 
| 128|0x0000000088000000, 0x0000000088100000, 0x0000000088100000|100%| O|  |TAMS 0x0000000088100000, 0x0000000088000000| Untracked 
| 129|0x0000000088100000, 0x0000000088200000, 0x0000000088200000|100%| O|  |TAMS 0x0000000088200000, 0x0000000088100000| Untracked 
| 130|0x0000000088200000, 0x0000000088300000, 0x0000000088300000|100%| O|  |TAMS 0x0000000088300000, 0x0000000088200000| Complete 
| 131|0x0000000088300000, 0x0000000088400000, 0x0000000088400000|100%| O|  |TAMS 0x0000000088400000, 0x0000000088300000| Untracked 
| 132|0x0000000088400000, 0x0000000088500000, 0x0000000088500000|100%| O|  |TAMS 0x0000000088500000, 0x0000000088400000| Complete 
| 133|0x0000000088500000, 0x0000000088600000, 0x0000000088600000|100%| O|  |TAMS 0x0000000088600000, 0x0000000088500000| Complete 
| 134|0x0000000088600000, 0x0000000088700000, 0x0000000088700000|100%| O|  |TAMS 0x0000000088700000, 0x0000000088600000| Complete 
| 135|0x0000000088700000, 0x0000000088800000, 0x0000000088800000|100%| O|  |TAMS 0x0000000088800000, 0x0000000088700000| Complete 
| 136|0x0000000088800000, 0x0000000088900000, 0x0000000088900000|100%| O|  |TAMS 0x0000000088900000, 0x0000000088800000| Complete 
| 137|0x0000000088900000, 0x0000000088a00000, 0x0000000088a00000|100%| O|  |TAMS 0x0000000088a00000, 0x0000000088900000| Untracked 
| 138|0x0000000088a00000, 0x0000000088b00000, 0x0000000088b00000|100%| O|  |TAMS 0x0000000088b00000, 0x0000000088a00000| Untracked 
| 139|0x0000000088b00000, 0x0000000088c00000, 0x0000000088c00000|100%| O|  |TAMS 0x0000000088c00000, 0x0000000088b00000| Complete 
| 140|0x0000000088c00000, 0x0000000088d00000, 0x0000000088d00000|100%| O|  |TAMS 0x0000000088d00000, 0x0000000088c00000| Complete 
| 141|0x0000000088d00000, 0x0000000088e00000, 0x0000000088e00000|100%| O|  |TAMS 0x0000000088e00000, 0x0000000088d00000| Untracked 
| 142|0x0000000088e00000, 0x0000000088f00000, 0x0000000088f00000|100%| O|  |TAMS 0x0000000088f00000, 0x0000000088e00000| Complete 
| 143|0x0000000088f00000, 0x0000000089000000, 0x0000000089000000|100%| O|  |TAMS 0x0000000089000000, 0x0000000088f00000| Complete 
| 144|0x0000000089000000, 0x0000000089100000, 0x0000000089100000|100%| O|  |TAMS 0x0000000089100000, 0x0000000089000000| Untracked 
| 145|0x0000000089100000, 0x0000000089200000, 0x0000000089200000|100%|HS|  |TAMS 0x0000000089200000, 0x0000000089100000| Complete 
| 146|0x0000000089200000, 0x0000000089300000, 0x0000000089300000|100%| O|  |TAMS 0x0000000089300000, 0x0000000089200000| Untracked 
| 147|0x0000000089300000, 0x0000000089400000, 0x0000000089400000|100%| O|  |TAMS 0x0000000089400000, 0x0000000089300000| Untracked 
| 148|0x0000000089400000, 0x0000000089500000, 0x0000000089500000|100%| O|  |TAMS 0x0000000089500000, 0x0000000089400000| Untracked 
| 149|0x0000000089500000, 0x0000000089600000, 0x0000000089600000|100%| O|  |TAMS 0x0000000089600000, 0x0000000089500000| Untracked 
| 150|0x0000000089600000, 0x0000000089700000, 0x0000000089700000|100%| O|  |TAMS 0x0000000089700000, 0x0000000089600000| Untracked 
| 151|0x0000000089700000, 0x0000000089800000, 0x0000000089800000|100%| O|  |TAMS 0x0000000089800000, 0x0000000089700000| Untracked 
| 152|0x0000000089800000, 0x0000000089900000, 0x0000000089900000|100%| O|  |TAMS 0x0000000089900000, 0x0000000089800000| Untracked 
| 153|0x0000000089900000, 0x0000000089a00000, 0x0000000089a00000|100%| O|  |TAMS 0x0000000089a00000, 0x0000000089900000| Untracked 
| 154|0x0000000089a00000, 0x0000000089b00000, 0x0000000089b00000|100%| O|  |TAMS 0x0000000089b00000, 0x0000000089a00000| Untracked 
| 155|0x0000000089b00000, 0x0000000089c00000, 0x0000000089c00000|100%| O|  |TAMS 0x0000000089c00000, 0x0000000089b00000| Complete 
| 156|0x0000000089c00000, 0x0000000089d00000, 0x0000000089d00000|100%| O|  |TAMS 0x0000000089d00000, 0x0000000089c00000| Complete 
| 157|0x0000000089d00000, 0x0000000089e00000, 0x0000000089e00000|100%| O|  |TAMS 0x0000000089e00000, 0x0000000089d00000| Complete 
| 158|0x0000000089e00000, 0x0000000089f00000, 0x0000000089f00000|100%| O|  |TAMS 0x0000000089f00000, 0x0000000089e00000| Untracked 
| 159|0x0000000089f00000, 0x000000008a000000, 0x000000008a000000|100%| O|  |TAMS 0x000000008a000000, 0x0000000089f00000| Untracked 
| 160|0x000000008a000000, 0x000000008a100000, 0x000000008a100000|100%| O|  |TAMS 0x000000008a100000, 0x000000008a000000| Complete 
| 161|0x000000008a100000, 0x000000008a200000, 0x000000008a200000|100%| O|  |TAMS 0x000000008a200000, 0x000000008a100000| Untracked 
| 162|0x000000008a200000, 0x000000008a300000, 0x000000008a300000|100%| O|  |TAMS 0x000000008a300000, 0x000000008a200000| Untracked 
| 163|0x000000008a300000, 0x000000008a400000, 0x000000008a400000|100%| O|  |TAMS 0x000000008a400000, 0x000000008a300000| Untracked 
| 164|0x000000008a400000, 0x000000008a500000, 0x000000008a500000|100%| O|  |TAMS 0x000000008a500000, 0x000000008a400000| Untracked 
| 165|0x000000008a500000, 0x000000008a600000, 0x000000008a600000|100%| O|  |TAMS 0x000000008a600000, 0x000000008a500000| Untracked 
| 166|0x000000008a600000, 0x000000008a700000, 0x000000008a700000|100%| O|  |TAMS 0x000000008a700000, 0x000000008a600000| Untracked 
| 167|0x000000008a700000, 0x000000008a800000, 0x000000008a800000|100%| O|  |TAMS 0x000000008a800000, 0x000000008a700000| Untracked 
| 168|0x000000008a800000, 0x000000008a900000, 0x000000008a900000|100%| O|  |TAMS 0x000000008a900000, 0x000000008a800000| Untracked 
| 169|0x000000008a900000, 0x000000008aa00000, 0x000000008aa00000|100%| O|  |TAMS 0x000000008aa00000, 0x000000008a900000| Complete 
| 170|0x000000008aa00000, 0x000000008ab00000, 0x000000008ab00000|100%| O|  |TAMS 0x000000008ab00000, 0x000000008aa00000| Complete 
| 171|0x000000008ab00000, 0x000000008ac00000, 0x000000008ac00000|100%| O|  |TAMS 0x000000008ab6da00, 0x000000008ab00000| Complete 
| 172|0x000000008ac00000, 0x000000008ad00000, 0x000000008ad00000|100%| O|  |TAMS 0x000000008ac00000, 0x000000008ac00000| Untracked 
| 173|0x000000008ad00000, 0x000000008ae00000, 0x000000008ae00000|100%| O|  |TAMS 0x000000008ad00000, 0x000000008ad00000| Untracked 
| 174|0x000000008ae00000, 0x000000008af00000, 0x000000008af00000|100%| O|  |TAMS 0x000000008ae00000, 0x000000008ae00000| Untracked 
| 175|0x000000008af00000, 0x000000008b000000, 0x000000008b000000|100%| O|  |TAMS 0x000000008af00000, 0x000000008af00000| Untracked 
| 176|0x000000008b000000, 0x000000008b100000, 0x000000008b100000|100%| O|  |TAMS 0x000000008b000000, 0x000000008b000000| Untracked 
| 177|0x000000008b100000, 0x000000008b200000, 0x000000008b200000|100%| O|  |TAMS 0x000000008b100000, 0x000000008b100000| Untracked 
| 178|0x000000008b200000, 0x000000008b300000, 0x000000008b300000|100%| O|  |TAMS 0x000000008b200000, 0x000000008b200000| Untracked 
| 179|0x000000008b300000, 0x000000008b400000, 0x000000008b400000|100%| O|  |TAMS 0x000000008b300000, 0x000000008b300000| Untracked 
| 180|0x000000008b400000, 0x000000008b500000, 0x000000008b500000|100%| O|  |TAMS 0x000000008b400000, 0x000000008b400000| Untracked 
| 181|0x000000008b500000, 0x000000008b600000, 0x000000008b600000|100%| O|  |TAMS 0x000000008b500000, 0x000000008b500000| Untracked 
| 182|0x000000008b600000, 0x000000008b700000, 0x000000008b700000|100%| O|  |TAMS 0x000000008b600000, 0x000000008b600000| Untracked 
| 183|0x000000008b700000, 0x000000008b75d800, 0x000000008b800000| 36%| O|  |TAMS 0x000000008b700000, 0x000000008b700000| Untracked 
| 184|0x000000008b800000, 0x000000008b800000, 0x000000008b900000|  0%| F|  |TAMS 0x000000008b800000, 0x000000008b800000| Untracked 
| 185|0x000000008b900000, 0x000000008b900000, 0x000000008ba00000|  0%| F|  |TAMS 0x000000008b900000, 0x000000008b900000| Untracked 
| 186|0x000000008ba00000, 0x000000008ba00000, 0x000000008bb00000|  0%| F|  |TAMS 0x000000008ba00000, 0x000000008ba00000| Untracked 
| 187|0x000000008bb00000, 0x000000008bb00000, 0x000000008bc00000|  0%| F|  |TAMS 0x000000008bb00000, 0x000000008bb00000| Untracked 
| 188|0x000000008bc00000, 0x000000008bc00000, 0x000000008bd00000|  0%| F|  |TAMS 0x000000008bc00000, 0x000000008bc00000| Untracked 
| 189|0x000000008bd00000, 0x000000008bd00000, 0x000000008be00000|  0%| F|  |TAMS 0x000000008bd00000, 0x000000008bd00000| Untracked 
| 190|0x000000008be00000, 0x000000008be00000, 0x000000008bf00000|  0%| F|  |TAMS 0x000000008be00000, 0x000000008be00000| Untracked 
| 191|0x000000008bf00000, 0x000000008bf00000, 0x000000008c000000|  0%| F|  |TAMS 0x000000008bf00000, 0x000000008bf00000| Untracked 
| 192|0x000000008c000000, 0x000000008c000000, 0x000000008c100000|  0%| F|  |TAMS 0x000000008c000000, 0x000000008c000000| Untracked 
| 193|0x000000008c100000, 0x000000008c100000, 0x000000008c200000|  0%| F|  |TAMS 0x000000008c100000, 0x000000008c100000| Untracked 
| 194|0x000000008c200000, 0x000000008c200000, 0x000000008c300000|  0%| F|  |TAMS 0x000000008c200000, 0x000000008c200000| Untracked 
| 195|0x000000008c300000, 0x000000008c300000, 0x000000008c400000|  0%| F|  |TAMS 0x000000008c300000, 0x000000008c300000| Untracked 
| 196|0x000000008c400000, 0x000000008c400000, 0x000000008c500000|  0%| F|  |TAMS 0x000000008c400000, 0x000000008c400000| Untracked 
| 197|0x000000008c500000, 0x000000008c500000, 0x000000008c600000|  0%| F|  |TAMS 0x000000008c500000, 0x000000008c500000| Untracked 
| 198|0x000000008c600000, 0x000000008c600000, 0x000000008c700000|  0%| F|  |TAMS 0x000000008c600000, 0x000000008c600000| Untracked 
| 199|0x000000008c700000, 0x000000008c700000, 0x000000008c800000|  0%| F|  |TAMS 0x000000008c700000, 0x000000008c700000| Untracked 
| 200|0x000000008c800000, 0x000000008c800000, 0x000000008c900000|  0%| F|  |TAMS 0x000000008c800000, 0x000000008c800000| Untracked 
| 201|0x000000008c900000, 0x000000008c900000, 0x000000008ca00000|  0%| F|  |TAMS 0x000000008c900000, 0x000000008c900000| Untracked 
| 202|0x000000008ca00000, 0x000000008ca00000, 0x000000008cb00000|  0%| F|  |TAMS 0x000000008ca00000, 0x000000008ca00000| Untracked 
| 203|0x000000008cb00000, 0x000000008cb00000, 0x000000008cc00000|  0%| F|  |TAMS 0x000000008cb00000, 0x000000008cb00000| Untracked 
| 204|0x000000008cc00000, 0x000000008cc00000, 0x000000008cd00000|  0%| F|  |TAMS 0x000000008cc00000, 0x000000008cc00000| Untracked 
| 205|0x000000008cd00000, 0x000000008cd00000, 0x000000008ce00000|  0%| F|  |TAMS 0x000000008cd00000, 0x000000008cd00000| Untracked 
| 206|0x000000008ce00000, 0x000000008ce00000, 0x000000008cf00000|  0%| F|  |TAMS 0x000000008ce00000, 0x000000008ce00000| Untracked 
| 207|0x000000008cf00000, 0x000000008cf00000, 0x000000008d000000|  0%| F|  |TAMS 0x000000008cf00000, 0x000000008cf00000| Untracked 
| 208|0x000000008d000000, 0x000000008d000000, 0x000000008d100000|  0%| F|  |TAMS 0x000000008d000000, 0x000000008d000000| Untracked 
| 209|0x000000008d100000, 0x000000008d100000, 0x000000008d200000|  0%| F|  |TAMS 0x000000008d100000, 0x000000008d100000| Untracked 
| 210|0x000000008d200000, 0x000000008d200000, 0x000000008d300000|  0%| F|  |TAMS 0x000000008d200000, 0x000000008d200000| Untracked 
| 211|0x000000008d300000, 0x000000008d300000, 0x000000008d400000|  0%| F|  |TAMS 0x000000008d300000, 0x000000008d300000| Untracked 
| 212|0x000000008d400000, 0x000000008d400000, 0x000000008d500000|  0%| F|  |TAMS 0x000000008d400000, 0x000000008d400000| Untracked 
| 213|0x000000008d500000, 0x000000008d500000, 0x000000008d600000|  0%| F|  |TAMS 0x000000008d500000, 0x000000008d500000| Untracked 
| 214|0x000000008d600000, 0x000000008d600000, 0x000000008d700000|  0%| F|  |TAMS 0x000000008d600000, 0x000000008d600000| Untracked 
| 215|0x000000008d700000, 0x000000008d700000, 0x000000008d800000|  0%| F|  |TAMS 0x000000008d700000, 0x000000008d700000| Untracked 
| 216|0x000000008d800000, 0x000000008d800000, 0x000000008d900000|  0%| F|  |TAMS 0x000000008d800000, 0x000000008d800000| Untracked 
| 217|0x000000008d900000, 0x000000008d900000, 0x000000008da00000|  0%| F|  |TAMS 0x000000008d900000, 0x000000008d900000| Untracked 
| 218|0x000000008da00000, 0x000000008da00000, 0x000000008db00000|  0%| F|  |TAMS 0x000000008da00000, 0x000000008da00000| Untracked 
| 219|0x000000008db00000, 0x000000008db00000, 0x000000008dc00000|  0%| F|  |TAMS 0x000000008db00000, 0x000000008db00000| Untracked 
| 220|0x000000008dc00000, 0x000000008dc00000, 0x000000008dd00000|  0%| F|  |TAMS 0x000000008dc00000, 0x000000008dc00000| Untracked 
| 221|0x000000008dd00000, 0x000000008dd00000, 0x000000008de00000|  0%| F|  |TAMS 0x000000008dd00000, 0x000000008dd00000| Untracked 
| 222|0x000000008de00000, 0x000000008de00000, 0x000000008df00000|  0%| F|  |TAMS 0x000000008de00000, 0x000000008de00000| Untracked 
| 223|0x000000008df00000, 0x000000008df00000, 0x000000008e000000|  0%| F|  |TAMS 0x000000008df00000, 0x000000008df00000| Untracked 
| 224|0x000000008e000000, 0x000000008e000000, 0x000000008e100000|  0%| F|  |TAMS 0x000000008e000000, 0x000000008e000000| Untracked 
| 225|0x000000008e100000, 0x000000008e100000, 0x000000008e200000|  0%| F|  |TAMS 0x000000008e100000, 0x000000008e100000| Untracked 
| 226|0x000000008e200000, 0x000000008e200000, 0x000000008e300000|  0%| F|  |TAMS 0x000000008e200000, 0x000000008e200000| Untracked 
| 227|0x000000008e300000, 0x000000008e33a0c8, 0x000000008e400000| 22%| S|CS|TAMS 0x000000008e300000, 0x000000008e300000| Complete 
| 228|0x000000008e400000, 0x000000008e500000, 0x000000008e500000|100%| S|CS|TAMS 0x000000008e400000, 0x000000008e400000| Complete 
| 229|0x000000008e500000, 0x000000008e600000, 0x000000008e600000|100%| S|CS|TAMS 0x000000008e500000, 0x000000008e500000| Complete 
| 230|0x000000008e600000, 0x000000008e700000, 0x000000008e700000|100%| S|CS|TAMS 0x000000008e600000, 0x000000008e600000| Complete 
| 231|0x000000008e700000, 0x000000008e800000, 0x000000008e800000|100%| S|CS|TAMS 0x000000008e700000, 0x000000008e700000| Complete 
| 232|0x000000008e800000, 0x000000008e900000, 0x000000008e900000|100%| S|CS|TAMS 0x000000008e800000, 0x000000008e800000| Complete 
| 233|0x000000008e900000, 0x000000008e900000, 0x000000008ea00000|  0%| F|  |TAMS 0x000000008e900000, 0x000000008e900000| Untracked 
| 234|0x000000008ea00000, 0x000000008ea00000, 0x000000008eb00000|  0%| F|  |TAMS 0x000000008ea00000, 0x000000008ea00000| Untracked 
| 235|0x000000008eb00000, 0x000000008eb00000, 0x000000008ec00000|  0%| F|  |TAMS 0x000000008eb00000, 0x000000008eb00000| Untracked 
| 236|0x000000008ec00000, 0x000000008ec00000, 0x000000008ed00000|  0%| F|  |TAMS 0x000000008ec00000, 0x000000008ec00000| Untracked 
| 237|0x000000008ed00000, 0x000000008ed00000, 0x000000008ee00000|  0%| F|  |TAMS 0x000000008ed00000, 0x000000008ed00000| Untracked 
| 238|0x000000008ee00000, 0x000000008ef00000, 0x000000008ef00000|100%| S|CS|TAMS 0x000000008ee00000, 0x000000008ee00000| Complete 
| 239|0x000000008ef00000, 0x000000008ef00000, 0x000000008f000000|  0%| F|  |TAMS 0x000000008ef00000, 0x000000008ef00000| Untracked 
| 240|0x000000008f000000, 0x000000008f000000, 0x000000008f100000|  0%| F|  |TAMS 0x000000008f000000, 0x000000008f000000| Untracked 
| 241|0x000000008f100000, 0x000000008f100000, 0x000000008f200000|  0%| F|  |TAMS 0x000000008f100000, 0x000000008f100000| Untracked 
| 242|0x000000008f200000, 0x000000008f200000, 0x000000008f300000|  0%| F|  |TAMS 0x000000008f200000, 0x000000008f200000| Untracked 
| 243|0x000000008f300000, 0x000000008f300000, 0x000000008f400000|  0%| F|  |TAMS 0x000000008f300000, 0x000000008f300000| Untracked 
| 244|0x000000008f400000, 0x000000008f400000, 0x000000008f500000|  0%| F|  |TAMS 0x000000008f400000, 0x000000008f400000| Untracked 
| 245|0x000000008f500000, 0x000000008f500000, 0x000000008f600000|  0%| F|  |TAMS 0x000000008f500000, 0x000000008f500000| Untracked 
| 246|0x000000008f600000, 0x000000008f600000, 0x000000008f700000|  0%| F|  |TAMS 0x000000008f600000, 0x000000008f600000| Untracked 
| 247|0x000000008f700000, 0x000000008f700000, 0x000000008f800000|  0%| F|  |TAMS 0x000000008f700000, 0x000000008f700000| Untracked 
| 248|0x000000008f800000, 0x000000008f800000, 0x000000008f900000|  0%| F|  |TAMS 0x000000008f800000, 0x000000008f800000| Untracked 
| 249|0x000000008f900000, 0x000000008f900000, 0x000000008fa00000|  0%| F|  |TAMS 0x000000008f900000, 0x000000008f900000| Untracked 
| 250|0x000000008fa00000, 0x000000008fa00000, 0x000000008fb00000|  0%| F|  |TAMS 0x000000008fa00000, 0x000000008fa00000| Untracked 
| 251|0x000000008fb00000, 0x000000008fb00000, 0x000000008fc00000|  0%| F|  |TAMS 0x000000008fb00000, 0x000000008fb00000| Untracked 
| 252|0x000000008fc00000, 0x000000008fc00000, 0x000000008fd00000|  0%| F|  |TAMS 0x000000008fc00000, 0x000000008fc00000| Untracked 
| 253|0x000000008fd00000, 0x000000008fd00000, 0x000000008fe00000|  0%| F|  |TAMS 0x000000008fd00000, 0x000000008fd00000| Untracked 
| 254|0x000000008fe00000, 0x000000008fe00000, 0x000000008ff00000|  0%| F|  |TAMS 0x000000008fe00000, 0x000000008fe00000| Untracked 
| 255|0x000000008ff00000, 0x000000008ff00000, 0x0000000090000000|  0%| F|  |TAMS 0x000000008ff00000, 0x000000008ff00000| Untracked 
| 256|0x0000000090000000, 0x0000000090000000, 0x0000000090100000|  0%| F|  |TAMS 0x0000000090000000, 0x0000000090000000| Untracked 
| 257|0x0000000090100000, 0x0000000090100000, 0x0000000090200000|  0%| F|  |TAMS 0x0000000090100000, 0x0000000090100000| Untracked 
| 258|0x0000000090200000, 0x0000000090200000, 0x0000000090300000|  0%| F|  |TAMS 0x0000000090200000, 0x0000000090200000| Untracked 
| 259|0x0000000090300000, 0x0000000090300000, 0x0000000090400000|  0%| F|  |TAMS 0x0000000090300000, 0x0000000090300000| Untracked 
| 260|0x0000000090400000, 0x0000000090400000, 0x0000000090500000|  0%| F|  |TAMS 0x0000000090400000, 0x0000000090400000| Untracked 
| 261|0x0000000090500000, 0x0000000090500000, 0x0000000090600000|  0%| F|  |TAMS 0x0000000090500000, 0x0000000090500000| Untracked 
| 262|0x0000000090600000, 0x0000000090600000, 0x0000000090700000|  0%| F|  |TAMS 0x0000000090600000, 0x0000000090600000| Untracked 
| 263|0x0000000090700000, 0x0000000090700000, 0x0000000090800000|  0%| F|  |TAMS 0x0000000090700000, 0x0000000090700000| Untracked 
| 264|0x0000000090800000, 0x0000000090800000, 0x0000000090900000|  0%| F|  |TAMS 0x0000000090800000, 0x0000000090800000| Untracked 
| 265|0x0000000090900000, 0x0000000090900000, 0x0000000090a00000|  0%| F|  |TAMS 0x0000000090900000, 0x0000000090900000| Untracked 
| 266|0x0000000090a00000, 0x0000000090a00000, 0x0000000090b00000|  0%| F|  |TAMS 0x0000000090a00000, 0x0000000090a00000| Untracked 
| 267|0x0000000090b00000, 0x0000000090b00000, 0x0000000090c00000|  0%| F|  |TAMS 0x0000000090b00000, 0x0000000090b00000| Untracked 
| 268|0x0000000090c00000, 0x0000000090c00000, 0x0000000090d00000|  0%| F|  |TAMS 0x0000000090c00000, 0x0000000090c00000| Untracked 
| 269|0x0000000090d00000, 0x0000000090d00000, 0x0000000090e00000|  0%| F|  |TAMS 0x0000000090d00000, 0x0000000090d00000| Untracked 
| 270|0x0000000090e00000, 0x0000000090e00000, 0x0000000090f00000|  0%| F|  |TAMS 0x0000000090e00000, 0x0000000090e00000| Untracked 
| 271|0x0000000090f00000, 0x0000000090f00000, 0x0000000091000000|  0%| F|  |TAMS 0x0000000090f00000, 0x0000000090f00000| Untracked 
| 272|0x0000000091000000, 0x0000000091000000, 0x0000000091100000|  0%| F|  |TAMS 0x0000000091000000, 0x0000000091000000| Untracked 
| 273|0x0000000091100000, 0x0000000091100000, 0x0000000091200000|  0%| F|  |TAMS 0x0000000091100000, 0x0000000091100000| Untracked 
| 274|0x0000000091200000, 0x0000000091200000, 0x0000000091300000|  0%| F|  |TAMS 0x0000000091200000, 0x0000000091200000| Untracked 
| 275|0x0000000091300000, 0x0000000091300000, 0x0000000091400000|  0%| F|  |TAMS 0x0000000091300000, 0x0000000091300000| Untracked 
| 276|0x0000000091400000, 0x0000000091400000, 0x0000000091500000|  0%| F|  |TAMS 0x0000000091400000, 0x0000000091400000| Untracked 
| 277|0x0000000091500000, 0x0000000091500000, 0x0000000091600000|  0%| F|  |TAMS 0x0000000091500000, 0x0000000091500000| Untracked 
| 278|0x0000000091600000, 0x0000000091600000, 0x0000000091700000|  0%| F|  |TAMS 0x0000000091600000, 0x0000000091600000| Untracked 
| 279|0x0000000091700000, 0x0000000091700000, 0x0000000091800000|  0%| F|  |TAMS 0x0000000091700000, 0x0000000091700000| Untracked 
| 280|0x0000000091800000, 0x0000000091800000, 0x0000000091900000|  0%| F|  |TAMS 0x0000000091800000, 0x0000000091800000| Untracked 
| 281|0x0000000091900000, 0x0000000091900000, 0x0000000091a00000|  0%| F|  |TAMS 0x0000000091900000, 0x0000000091900000| Untracked 
| 282|0x0000000091a00000, 0x0000000091a00000, 0x0000000091b00000|  0%| F|  |TAMS 0x0000000091a00000, 0x0000000091a00000| Untracked 
| 283|0x0000000091b00000, 0x0000000091b00000, 0x0000000091c00000|  0%| F|  |TAMS 0x0000000091b00000, 0x0000000091b00000| Untracked 
| 284|0x0000000091c00000, 0x0000000091c00000, 0x0000000091d00000|  0%| F|  |TAMS 0x0000000091c00000, 0x0000000091c00000| Untracked 
| 285|0x0000000091d00000, 0x0000000091d00000, 0x0000000091e00000|  0%| F|  |TAMS 0x0000000091d00000, 0x0000000091d00000| Untracked 
| 286|0x0000000091e00000, 0x0000000091f00000, 0x0000000091f00000|100%|HS|  |TAMS 0x0000000091f00000, 0x0000000091e00000| Complete 
| 287|0x0000000091f00000, 0x0000000092000000, 0x0000000092000000|100%|HC|  |TAMS 0x0000000092000000, 0x0000000091f00000| Complete 
| 288|0x0000000092000000, 0x0000000092100000, 0x0000000092100000|100%|HC|  |TAMS 0x0000000092100000, 0x0000000092000000| Complete 
| 289|0x0000000092100000, 0x0000000092100000, 0x0000000092200000|  0%| F|  |TAMS 0x0000000092100000, 0x0000000092100000| Untracked 
| 290|0x0000000092200000, 0x0000000092200000, 0x0000000092300000|  0%| F|  |TAMS 0x0000000092200000, 0x0000000092200000| Untracked 
| 291|0x0000000092300000, 0x0000000092300000, 0x0000000092400000|  0%| F|  |TAMS 0x0000000092300000, 0x0000000092300000| Untracked 
| 292|0x0000000092400000, 0x0000000092400000, 0x0000000092500000|  0%| F|  |TAMS 0x0000000092400000, 0x0000000092400000| Untracked 
| 293|0x0000000092500000, 0x0000000092500000, 0x0000000092600000|  0%| F|  |TAMS 0x0000000092500000, 0x0000000092500000| Untracked 
| 294|0x0000000092600000, 0x0000000092600000, 0x0000000092700000|  0%| F|  |TAMS 0x0000000092600000, 0x0000000092600000| Untracked 
| 295|0x0000000092700000, 0x0000000092700000, 0x0000000092800000|  0%| F|  |TAMS 0x0000000092700000, 0x0000000092700000| Untracked 
| 296|0x0000000092800000, 0x0000000092800000, 0x0000000092900000|  0%| F|  |TAMS 0x0000000092800000, 0x0000000092800000| Untracked 
| 297|0x0000000092900000, 0x0000000092900000, 0x0000000092a00000|  0%| F|  |TAMS 0x0000000092900000, 0x0000000092900000| Untracked 
| 298|0x0000000092a00000, 0x0000000092a00000, 0x0000000092b00000|  0%| F|  |TAMS 0x0000000092a00000, 0x0000000092a00000| Untracked 
| 299|0x0000000092b00000, 0x0000000092b00000, 0x0000000092c00000|  0%| F|  |TAMS 0x0000000092b00000, 0x0000000092b00000| Untracked 
| 300|0x0000000092c00000, 0x0000000092c00000, 0x0000000092d00000|  0%| F|  |TAMS 0x0000000092c00000, 0x0000000092c00000| Untracked 
| 301|0x0000000092d00000, 0x0000000092d00000, 0x0000000092e00000|  0%| F|  |TAMS 0x0000000092d00000, 0x0000000092d00000| Untracked 
| 302|0x0000000092e00000, 0x0000000092e00000, 0x0000000092f00000|  0%| F|  |TAMS 0x0000000092e00000, 0x0000000092e00000| Untracked 
| 303|0x0000000092f00000, 0x0000000092f00000, 0x0000000093000000|  0%| F|  |TAMS 0x0000000092f00000, 0x0000000092f00000| Untracked 
| 304|0x0000000093000000, 0x0000000093000000, 0x0000000093100000|  0%| F|  |TAMS 0x0000000093000000, 0x0000000093000000| Untracked 
| 305|0x0000000093100000, 0x0000000093100000, 0x0000000093200000|  0%| F|  |TAMS 0x0000000093100000, 0x0000000093100000| Untracked 
| 306|0x0000000093200000, 0x0000000093200000, 0x0000000093300000|  0%| F|  |TAMS 0x0000000093200000, 0x0000000093200000| Untracked 
| 307|0x0000000093300000, 0x0000000093300000, 0x0000000093400000|  0%| F|  |TAMS 0x0000000093300000, 0x0000000093300000| Untracked 
| 308|0x0000000093400000, 0x0000000093400000, 0x0000000093500000|  0%| F|  |TAMS 0x0000000093400000, 0x0000000093400000| Untracked 
| 309|0x0000000093500000, 0x0000000093500000, 0x0000000093600000|  0%| F|  |TAMS 0x0000000093500000, 0x0000000093500000| Untracked 
| 310|0x0000000093600000, 0x0000000093600000, 0x0000000093700000|  0%| F|  |TAMS 0x0000000093600000, 0x0000000093600000| Untracked 
| 311|0x0000000093700000, 0x0000000093700000, 0x0000000093800000|  0%| F|  |TAMS 0x0000000093700000, 0x0000000093700000| Untracked 
| 312|0x0000000093800000, 0x0000000093800000, 0x0000000093900000|  0%| F|  |TAMS 0x0000000093800000, 0x0000000093800000| Untracked 
| 313|0x0000000093900000, 0x0000000093900000, 0x0000000093a00000|  0%| F|  |TAMS 0x0000000093900000, 0x0000000093900000| Untracked 
| 314|0x0000000093a00000, 0x0000000093a00000, 0x0000000093b00000|  0%| F|  |TAMS 0x0000000093a00000, 0x0000000093a00000| Untracked 
| 315|0x0000000093b00000, 0x0000000093b00000, 0x0000000093c00000|  0%| F|  |TAMS 0x0000000093b00000, 0x0000000093b00000| Untracked 
| 316|0x0000000093c00000, 0x0000000093c00000, 0x0000000093d00000|  0%| F|  |TAMS 0x0000000093c00000, 0x0000000093c00000| Untracked 
| 317|0x0000000093d00000, 0x0000000093d00000, 0x0000000093e00000|  0%| F|  |TAMS 0x0000000093d00000, 0x0000000093d00000| Untracked 
| 318|0x0000000093e00000, 0x0000000093e00000, 0x0000000093f00000|  0%| F|  |TAMS 0x0000000093e00000, 0x0000000093e00000| Untracked 
| 319|0x0000000093f00000, 0x0000000093f00000, 0x0000000094000000|  0%| F|  |TAMS 0x0000000093f00000, 0x0000000093f00000| Untracked 
| 320|0x0000000094000000, 0x0000000094000000, 0x0000000094100000|  0%| F|  |TAMS 0x0000000094000000, 0x0000000094000000| Untracked 
| 321|0x0000000094100000, 0x0000000094100000, 0x0000000094200000|  0%| F|  |TAMS 0x0000000094100000, 0x0000000094100000| Untracked 
| 322|0x0000000094200000, 0x0000000094200000, 0x0000000094300000|  0%| F|  |TAMS 0x0000000094200000, 0x0000000094200000| Untracked 
| 323|0x0000000094300000, 0x0000000094300000, 0x0000000094400000|  0%| F|  |TAMS 0x0000000094300000, 0x0000000094300000| Untracked 
| 324|0x0000000094400000, 0x0000000094400000, 0x0000000094500000|  0%| F|  |TAMS 0x0000000094400000, 0x0000000094400000| Untracked 
| 325|0x0000000094500000, 0x0000000094500000, 0x0000000094600000|  0%| F|  |TAMS 0x0000000094500000, 0x0000000094500000| Untracked 
| 326|0x0000000094600000, 0x0000000094600000, 0x0000000094700000|  0%| F|  |TAMS 0x0000000094600000, 0x0000000094600000| Untracked 
| 327|0x0000000094700000, 0x0000000094700000, 0x0000000094800000|  0%| F|  |TAMS 0x0000000094700000, 0x0000000094700000| Untracked 
| 328|0x0000000094800000, 0x0000000094800000, 0x0000000094900000|  0%| F|  |TAMS 0x0000000094800000, 0x0000000094800000| Untracked 
| 329|0x0000000094900000, 0x0000000094900000, 0x0000000094a00000|  0%| F|  |TAMS 0x0000000094900000, 0x0000000094900000| Untracked 
| 330|0x0000000094a00000, 0x0000000094a00000, 0x0000000094b00000|  0%| F|  |TAMS 0x0000000094a00000, 0x0000000094a00000| Untracked 
| 331|0x0000000094b00000, 0x0000000094b00000, 0x0000000094c00000|  0%| F|  |TAMS 0x0000000094b00000, 0x0000000094b00000| Untracked 
| 332|0x0000000094c00000, 0x0000000094c00000, 0x0000000094d00000|  0%| F|  |TAMS 0x0000000094c00000, 0x0000000094c00000| Untracked 
| 333|0x0000000094d00000, 0x0000000094d00000, 0x0000000094e00000|  0%| F|  |TAMS 0x0000000094d00000, 0x0000000094d00000| Untracked 
| 334|0x0000000094e00000, 0x0000000094e00000, 0x0000000094f00000|  0%| F|  |TAMS 0x0000000094e00000, 0x0000000094e00000| Untracked 
| 335|0x0000000094f00000, 0x0000000094f00000, 0x0000000095000000|  0%| F|  |TAMS 0x0000000094f00000, 0x0000000094f00000| Untracked 
| 336|0x0000000095000000, 0x0000000095000000, 0x0000000095100000|  0%| F|  |TAMS 0x0000000095000000, 0x0000000095000000| Untracked 
| 337|0x0000000095100000, 0x0000000095100000, 0x0000000095200000|  0%| F|  |TAMS 0x0000000095100000, 0x0000000095100000| Untracked 
| 338|0x0000000095200000, 0x0000000095200000, 0x0000000095300000|  0%| F|  |TAMS 0x0000000095200000, 0x0000000095200000| Untracked 
| 339|0x0000000095300000, 0x0000000095300000, 0x0000000095400000|  0%| F|  |TAMS 0x0000000095300000, 0x0000000095300000| Untracked 
| 340|0x0000000095400000, 0x0000000095400000, 0x0000000095500000|  0%| F|  |TAMS 0x0000000095400000, 0x0000000095400000| Untracked 
| 341|0x0000000095500000, 0x0000000095500000, 0x0000000095600000|  0%| F|  |TAMS 0x0000000095500000, 0x0000000095500000| Untracked 
| 342|0x0000000095600000, 0x0000000095600000, 0x0000000095700000|  0%| F|  |TAMS 0x0000000095600000, 0x0000000095600000| Untracked 
| 343|0x0000000095700000, 0x0000000095700000, 0x0000000095800000|  0%| F|  |TAMS 0x0000000095700000, 0x0000000095700000| Untracked 
| 344|0x0000000095800000, 0x0000000095800000, 0x0000000095900000|  0%| F|  |TAMS 0x0000000095800000, 0x0000000095800000| Untracked 
| 345|0x0000000095900000, 0x0000000095900000, 0x0000000095a00000|  0%| F|  |TAMS 0x0000000095900000, 0x0000000095900000| Untracked 
| 346|0x0000000095a00000, 0x0000000095a00000, 0x0000000095b00000|  0%| F|  |TAMS 0x0000000095a00000, 0x0000000095a00000| Untracked 
| 347|0x0000000095b00000, 0x0000000095b00000, 0x0000000095c00000|  0%| F|  |TAMS 0x0000000095b00000, 0x0000000095b00000| Untracked 
| 348|0x0000000095c00000, 0x0000000095c00000, 0x0000000095d00000|  0%| F|  |TAMS 0x0000000095c00000, 0x0000000095c00000| Untracked 
| 349|0x0000000095d00000, 0x0000000095d00000, 0x0000000095e00000|  0%| F|  |TAMS 0x0000000095d00000, 0x0000000095d00000| Untracked 
| 350|0x0000000095e00000, 0x0000000095e00000, 0x0000000095f00000|  0%| F|  |TAMS 0x0000000095e00000, 0x0000000095e00000| Untracked 
| 351|0x0000000095f00000, 0x0000000095f00000, 0x0000000096000000|  0%| F|  |TAMS 0x0000000095f00000, 0x0000000095f00000| Untracked 
| 352|0x0000000096000000, 0x0000000096000000, 0x0000000096100000|  0%| F|  |TAMS 0x0000000096000000, 0x0000000096000000| Untracked 
| 353|0x0000000096100000, 0x0000000096100000, 0x0000000096200000|  0%| F|  |TAMS 0x0000000096100000, 0x0000000096100000| Untracked 
| 354|0x0000000096200000, 0x0000000096200000, 0x0000000096300000|  0%| F|  |TAMS 0x0000000096200000, 0x0000000096200000| Untracked 
| 355|0x0000000096300000, 0x0000000096300000, 0x0000000096400000|  0%| F|  |TAMS 0x0000000096300000, 0x0000000096300000| Untracked 
| 356|0x0000000096400000, 0x0000000096400000, 0x0000000096500000|  0%| F|  |TAMS 0x0000000096400000, 0x0000000096400000| Untracked 

Card table byte_map: [0x00000246356a0000,0x0000024635aa0000] _byte_map_base: 0x00000246352a0000

Marking Bits (Prev, Next): (CMBitMap*) 0x0000024621d5d738, (CMBitMap*) 0x0000024621d5d770
 Prev Bits: [0x0000024635ea0000, 0x0000024637ea0000)
 Next Bits: [0x0000024637ea0000, 0x0000024639ea0000)

Polling page: 0x0000024621e00000

Metaspace:

Usage:
  Non-class:    137.89 MB capacity,   134.77 MB ( 98%) used,     2.50 MB (  2%) free+waste,   631.94 KB ( <1%) overhead. 
      Class:     20.32 MB capacity,    18.45 MB ( 91%) used,     1.60 MB (  8%) free+waste,   273.13 KB (  1%) overhead. 
       Both:    158.20 MB capacity,   153.22 MB ( 97%) used,     4.10 MB (  3%) free+waste,   905.06 KB ( <1%) overhead. 

Virtual space:
  Non-class space:      142.00 MB reserved,     140.25 MB ( 99%) committed 
      Class space:        1.00 GB reserved,      21.38 MB (  2%) committed 
             Both:        1.14 GB reserved,     161.63 MB ( 14%) committed 

Chunk freelists:
   Non-Class:  2.36 MB
       Class:  987.00 KB
        Both:  3.33 MB

MaxMetaspaceSize: 17179869184.00 GB
CompressedClassSpaceSize: 1.00 GB

CodeHeap 'non-profiled nmethods': size=120000Kb used=34576Kb max_used=34576Kb free=85423Kb
 bounds [0x000002462d300000, 0x000002462f4d0000, 0x0000024634830000]
CodeHeap 'profiled nmethods': size=120000Kb used=69345Kb max_used=69345Kb free=50654Kb
 bounds [0x0000024625dd0000, 0x000002462a2e0000, 0x000002462d300000]
CodeHeap 'non-nmethods': size=5760Kb used=2417Kb max_used=2501Kb free=3343Kb
 bounds [0x0000024625830000, 0x0000024625ab0000, 0x0000024625dd0000]
 total_blobs=32952 nmethods=31896 adapters=964
 compilation: enabled
              stopped_count=0, restarted_count=0
 full_count=0

Compilation events (20 events):
Event: 18615.866 Thread 0x000002463c9ab000 41291       2       com.android.tools.r8.internal.rs::a (63 bytes)
Event: 18615.867 Thread 0x000002463c9ab000 nmethod 41291 0x0000024627d5ad90 code [0x0000024627d5afa0, 0x0000024627d5b578]
Event: 18615.876 Thread 0x000002463c9ab000 41292       2       com.android.tools.r8.internal.g1::c (11 bytes)
Event: 18615.876 Thread 0x000002463c9ab000 nmethod 41292 0x0000024627d02590 code [0x0000024627d02740, 0x0000024627d028c8]
Event: 18615.876 Thread 0x000002463c9ab000 41294       2       com.android.tools.r8.references.ArrayReference::a (75 bytes)
Event: 18615.879 Thread 0x000002463c9ab000 nmethod 41294 0x0000024627e9fd90 code [0x0000024627ea0020, 0x0000024627ea08b8]
Event: 18615.879 Thread 0x000002463c9ab000 41293       2       com.android.tools.r8.code.u::<init> (8 bytes)
Event: 18615.880 Thread 0x000002463c9ab000 nmethod 41293 0x0000024627ca5690 code [0x0000024627ca5840, 0x0000024627ca5948]
Event: 18615.896 Thread 0x000002463c9ab000 41296       2       com.android.tools.r8.internal.f7::a (17 bytes)
Event: 18615.897 Thread 0x000002463c9ab000 nmethod 41296 0x0000024627cb1890 code [0x0000024627cb1a40, 0x0000024627cb1b68]
Event: 18615.902 Thread 0x000002463c9ab000 41297       2       com.android.tools.r8.ir.regalloc.b::B (115 bytes)
Event: 18615.903 Thread 0x000002463c9ab000 nmethod 41297 0x0000024627de2390 code [0x0000024627de2560, 0x0000024627de2868]
Event: 18615.914 Thread 0x000002463c9ab000 41298       2       com.android.tools.r8.internal.k2::a (205 bytes)
Event: 18615.918 Thread 0x000002463c9ab000 nmethod 41298 0x00000246281fc490 code [0x00000246281fc760, 0x00000246281fd188]
Event: 18615.918 Thread 0x000002463c9ab000 41299       2       com.android.tools.r8.internal.Fg::R0 (23 bytes)
Event: 18615.919 Thread 0x000002463c9ab000 nmethod 41299 0x0000024627d5a710 code [0x0000024627d5a8c0, 0x0000024627d5aae8]
Event: 18615.919 Thread 0x000002463c9ab000 41300       2       com.android.tools.r8.internal.Fg::P0 (13 bytes)
Event: 18615.920 Thread 0x000002463c9ab000 nmethod 41300 0x0000024627d74790 code [0x0000024627d74940, 0x0000024627d74a58]
Event: 18615.923 Thread 0x000002463c9ab000 41301       2       com.android.tools.r8.internal.AD::<init> (5 bytes)
Event: 18615.924 Thread 0x000002463c9ab000 nmethod 41301 0x0000024627de2010 code [0x0000024627de21c0, 0x0000024627de22b8]

GC Heap History (20 events):
Event: 18610.906 GC heap after
{Heap after GC invocations=199 (full 1):
 garbage-first heap   total 365568K, used 147065K [0x0000000080000000, 0x0000000100000000)
  region size 1024K, 9 young (9216K), 9 survivors (9216K)
 Metaspace       used 156705K, capacity 161839K, committed 165504K, reserved 1193984K
  class space    used 18904K, capacity 20823K, committed 21888K, reserved 1048576K
}
Event: 18611.508 GC heap before
{Heap before GC invocations=200 (full 1):
 garbage-first heap   total 365568K, used 276089K [0x0000000080000000, 0x0000000100000000)
  region size 1024K, 135 young (138240K), 9 survivors (9216K)
 Metaspace       used 156693K, capacity 161811K, committed 165504K, reserved 1193984K
  class space    used 18886K, capacity 20789K, committed 21888K, reserved 1048576K
}
Event: 18611.524 GC heap after
{Heap after GC invocations=201 (full 1):
 garbage-first heap   total 365568K, used 151719K [0x0000000080000000, 0x0000000100000000)
  region size 1024K, 13 young (13312K), 13 survivors (13312K)
 Metaspace       used 156693K, capacity 161811K, committed 165504K, reserved 1193984K
  class space    used 18886K, capacity 20789K, committed 21888K, reserved 1048576K
}
Event: 18611.885 GC heap before
{Heap before GC invocations=201 (full 1):
 garbage-first heap   total 365568K, used 282791K [0x0000000080000000, 0x0000000100000000)
  region size 1024K, 141 young (144384K), 13 survivors (13312K)
 Metaspace       used 156738K, capacity 161823K, committed 165504K, reserved 1193984K
  class space    used 18888K, capacity 20792K, committed 21888K, reserved 1048576K
}
Event: 18611.951 GC heap after
{Heap after GC invocations=202 (full 1):
 garbage-first heap   total 365568K, used 153854K [0x0000000080000000, 0x0000000100000000)
  region size 1024K, 9 young (9216K), 9 survivors (9216K)
 Metaspace       used 156738K, capacity 161823K, committed 165504K, reserved 1193984K
  class space    used 18888K, capacity 20792K, committed 21888K, reserved 1048576K
}
Event: 18612.552 GC heap before
{Heap before GC invocations=203 (full 1):
 garbage-first heap   total 365568K, used 287998K [0x0000000080000000, 0x0000000100000000)
  region size 1024K, 140 young (143360K), 9 survivors (9216K)
 Metaspace       used 156764K, capacity 161833K, committed 165504K, reserved 1193984K
  class space    used 18889K, capacity 20794K, committed 21888K, reserved 1048576K
}
Event: 18612.587 GC heap after
{Heap after GC invocations=204 (full 1):
 garbage-first heap   total 365568K, used 154002K [0x0000000080000000, 0x0000000100000000)
  region size 1024K, 9 young (9216K), 9 survivors (9216K)
 Metaspace       used 156764K, capacity 161833K, committed 165504K, reserved 1193984K
  class space    used 18889K, capacity 20794K, committed 21888K, reserved 1048576K
}
Event: 18613.137 GC heap before
{Heap before GC invocations=204 (full 1):
 garbage-first heap   total 365568K, used 288146K [0x0000000080000000, 0x0000000100000000)
  region size 1024K, 142 young (145408K), 9 survivors (9216K)
 Metaspace       used 156800K, capacity 161900K, committed 165504K, reserved 1193984K
  class space    used 18890K, capacity 20795K, committed 21888K, reserved 1048576K
}
Event: 18613.158 GC heap after
{Heap after GC invocations=205 (full 1):
 garbage-first heap   total 365568K, used 157227K [0x0000000080000000, 0x0000000100000000)
  region size 1024K, 12 young (12288K), 12 survivors (12288K)
 Metaspace       used 156800K, capacity 161900K, committed 165504K, reserved 1193984K
  class space    used 18890K, capacity 20795K, committed 21888K, reserved 1048576K
}
Event: 18613.673 GC heap before
{Heap before GC invocations=206 (full 1):
 garbage-first heap   total 365568K, used 297515K [0x0000000080000000, 0x0000000100000000)
  region size 1024K, 148 young (151552K), 12 survivors (12288K)
 Metaspace       used 156810K, capacity 161901K, committed 165504K, reserved 1193984K
  class space    used 18890K, capacity 20795K, committed 21888K, reserved 1048576K
}
Event: 18613.764 GC heap after
{Heap after GC invocations=207 (full 1):
 garbage-first heap   total 365568K, used 168289K [0x0000000080000000, 0x0000000100000000)
  region size 1024K, 18 young (18432K), 18 survivors (18432K)
 Metaspace       used 156810K, capacity 161901K, committed 165504K, reserved 1193984K
  class space    used 18890K, capacity 20795K, committed 21888K, reserved 1048576K
}
Event: 18614.097 GC heap before
{Heap before GC invocations=207 (full 1):
 garbage-first heap   total 365568K, used 294241K [0x0000000080000000, 0x0000000100000000)
  region size 1024K, 142 young (145408K), 18 survivors (18432K)
 Metaspace       used 156843K, capacity 161914K, committed 165504K, reserved 1193984K
  class space    used 18892K, capacity 20799K, committed 21888K, reserved 1048576K
}
Event: 18614.357 GC heap after
{Heap after GC invocations=208 (full 1):
 garbage-first heap   total 365568K, used 177152K [0x0000000080000000, 0x0000000100000000)
  region size 1024K, 14 young (14336K), 14 survivors (14336K)
 Metaspace       used 156843K, capacity 161914K, committed 165504K, reserved 1193984K
  class space    used 18892K, capacity 20799K, committed 21888K, reserved 1048576K
}
Event: 18614.944 GC heap before
{Heap before GC invocations=209 (full 1):
 garbage-first heap   total 365568K, used 294912K [0x0000000080000000, 0x0000000100000000)
  region size 1024K, 130 young (133120K), 14 survivors (14336K)
 Metaspace       used 156854K, capacity 161920K, committed 165504K, reserved 1193984K
  class space    used 18893K, capacity 20800K, committed 21888K, reserved 1048576K
}
Event: 18614.993 GC heap after
{Heap after GC invocations=210 (full 1):
 garbage-first heap   total 365568K, used 182515K [0x0000000080000000, 0x0000000100000000)
  region size 1024K, 8 young (8192K), 8 survivors (8192K)
 Metaspace       used 156854K, capacity 161920K, committed 165504K, reserved 1193984K
  class space    used 18893K, capacity 20800K, committed 21888K, reserved 1048576K
}
Event: 18615.263 GC heap before
{Heap before GC invocations=210 (full 1):
 garbage-first heap   total 365568K, used 298227K [0x0000000080000000, 0x0000000100000000)
  region size 1024K, 121 young (123904K), 8 survivors (8192K)
 Metaspace       used 156876K, capacity 161996K, committed 165504K, reserved 1193984K
  class space    used 18895K, capacity 20804K, committed 21888K, reserved 1048576K
}
Event: 18615.283 GC heap after
{Heap after GC invocations=211 (full 1):
 garbage-first heap   total 365568K, used 188288K [0x0000000080000000, 0x0000000100000000)
  region size 1024K, 14 young (14336K), 14 survivors (14336K)
 Metaspace       used 156876K, capacity 161996K, committed 165504K, reserved 1193984K
  class space    used 18895K, capacity 20804K, committed 21888K, reserved 1048576K
}
Event: 18615.660 GC heap before
{Heap before GC invocations=211 (full 1):
 garbage-first heap   total 365568K, used 299904K [0x0000000080000000, 0x0000000100000000)
  region size 1024K, 123 young (125952K), 14 survivors (14336K)
 Metaspace       used 156883K, capacity 161999K, committed 165504K, reserved 1193984K
  class space    used 18895K, capacity 20805K, committed 21888K, reserved 1048576K
}
Event: 18615.689 GC heap after
{Heap after GC invocations=212 (full 1):
 garbage-first heap   total 365568K, used 189682K [0x0000000080000000, 0x0000000100000000)
  region size 1024K, 9 young (9216K), 9 survivors (9216K)
 Metaspace       used 156883K, capacity 161999K, committed 165504K, reserved 1193984K
  class space    used 18895K, capacity 20805K, committed 21888K, reserved 1048576K
}
Event: 18615.931 GC heap before
{Heap before GC invocations=213 (full 1):
 garbage-first heap   total 365568K, used 302322K [0x0000000080000000, 0x0000000100000000)
  region size 1024K, 120 young (122880K), 9 survivors (9216K)
 Metaspace       used 156896K, capacity 162000K, committed 165504K, reserved 1193984K
  class space    used 18895K, capacity 20805K, committed 21888K, reserved 1048576K
}

Deoptimization events (20 events):
Event: 18615.832 Thread 0x000002464b1d9800 Uncommon trap: trap_request=0xffffffde fr.pc=0x000002462f4c9098 relative=0x0000000000006d58
Event: 18615.832 Thread 0x000002464b1d9800 Uncommon trap: reason=class_check action=maybe_recompile pc=0x000002462f4c9098 method=com.android.tools.r8.internal.NG.a(Lcom/android/tools/r8/graph/e;Lcom/android/tools/r8/internal/Me;Ljava/util/function/Predicate;Ljava/util/Set;)Z @ 229 c2
Event: 18615.832 Thread 0x000002464b1d9800 DEOPT PACKING pc=0x000002462f4c9098 sp=0x000000ed810fa250
Event: 18615.832 Thread 0x000002464b1d9800 DEOPT UNPACKING pc=0x00000246258578af sp=0x000000ed810fa198 mode 2
Event: 18615.835 Thread 0x000002464b1d9800 DEOPT PACKING pc=0x000002462a16d20d sp=0x000000ed810f96a0
Event: 18615.835 Thread 0x000002464b1d9800 DEOPT UNPACKING pc=0x00000246258576ce sp=0x000000ed810f8e68 mode 0
Event: 18615.850 Thread 0x000002464b1d9800 DEOPT PACKING pc=0x00000246272ea277 sp=0x000000ed810f9d50
Event: 18615.850 Thread 0x000002464b1d9800 DEOPT UNPACKING pc=0x00000246258576ce sp=0x000000ed810f9250 mode 0
Event: 18615.854 Thread 0x000002464b1db800 DEOPT PACKING pc=0x00000246272ea298 sp=0x000000ed811fab30
Event: 18615.854 Thread 0x000002464b1db800 DEOPT UNPACKING pc=0x00000246258576ce sp=0x000000ed811fa030 mode 0
Event: 18615.863 Thread 0x000002464b1db800 DEOPT PACKING pc=0x00000246272ea277 sp=0x000000ed811fac70
Event: 18615.863 Thread 0x000002464b1db800 DEOPT UNPACKING pc=0x00000246258576ce sp=0x000000ed811fa170 mode 0
Event: 18615.870 Thread 0x000002464b1db800 DEOPT PACKING pc=0x00000246272ea298 sp=0x000000ed811fab30
Event: 18615.870 Thread 0x000002464b1db800 DEOPT UNPACKING pc=0x00000246258576ce sp=0x000000ed811fa030 mode 0
Event: 18615.898 Thread 0x000002464b1db800 DEOPT PACKING pc=0x00000246272ea277 sp=0x000000ed811fac50
Event: 18615.898 Thread 0x000002464b1db800 DEOPT UNPACKING pc=0x00000246258576ce sp=0x000000ed811fa150 mode 0
Event: 18615.900 Thread 0x000002464b1db800 DEOPT PACKING pc=0x00000246272ea298 sp=0x000000ed811faac0
Event: 18615.900 Thread 0x000002464b1db800 DEOPT UNPACKING pc=0x00000246258576ce sp=0x000000ed811f9fc0 mode 0
Event: 18615.919 Thread 0x000002464b1db800 DEOPT PACKING pc=0x00000246272ea277 sp=0x000000ed811facc0
Event: 18615.919 Thread 0x000002464b1db800 DEOPT UNPACKING pc=0x00000246258576ce sp=0x000000ed811fa1c0 mode 0

Classes redefined (0 events):
No events

Internal exceptions (20 events):
Event: 18612.980 Thread 0x000002464b1db800 Exception <a 'sun/nio/fs/WindowsException'{0x0000000091531dc0}> (0x0000000091531dc0) thrown at [./src/hotspot/share/prims/jni.cpp, line 615]
Event: 18612.989 Thread 0x000002464b1da000 Exception <a 'sun/nio/fs/WindowsException'{0x00000000957b08d8}> (0x00000000957b08d8) thrown at [./src/hotspot/share/prims/jni.cpp, line 615]
Event: 18612.989 Thread 0x0000024642d5e000 Exception <a 'sun/nio/fs/WindowsException'{0x000000009121e2c0}> (0x000000009121e2c0) thrown at [./src/hotspot/share/prims/jni.cpp, line 615]
Event: 18612.998 Thread 0x000002464b1da000 Exception <a 'sun/nio/fs/WindowsException'{0x0000000090de83f0}> (0x0000000090de83f0) thrown at [./src/hotspot/share/prims/jni.cpp, line 615]
Event: 18613.216 Thread 0x0000024642d5e000 Exception <a 'sun/nio/fs/WindowsException'{0x00000000954a08d8}> (0x00000000954a08d8) thrown at [./src/hotspot/share/prims/jni.cpp, line 615]
Event: 18613.260 Thread 0x0000024642d5f000 Exception <a 'sun/nio/fs/WindowsException'{0x00000000947c5a88}> (0x00000000947c5a88) thrown at [./src/hotspot/share/prims/jni.cpp, line 615]
Event: 18613.324 Thread 0x000002464b1db800 Exception <a 'sun/nio/fs/WindowsException'{0x000000009364bf48}> (0x000000009364bf48) thrown at [./src/hotspot/share/prims/jni.cpp, line 615]
Event: 18613.520 Thread 0x000002464b1da000 Exception <a 'sun/nio/fs/WindowsException'{0x0000000090824c40}> (0x0000000090824c40) thrown at [./src/hotspot/share/prims/jni.cpp, line 615]
Event: 18613.594 Thread 0x0000024642d5f000 Exception <a 'sun/nio/fs/WindowsException'{0x000000008f65fd00}> (0x000000008f65fd00) thrown at [./src/hotspot/share/prims/jni.cpp, line 615]
Event: 18613.837 Thread 0x0000024642d5e000 Exception <a 'sun/nio/fs/WindowsException'{0x0000000094618850}> (0x0000000094618850) thrown at [./src/hotspot/share/prims/jni.cpp, line 615]
Event: 18613.882 Thread 0x000002464b1db800 Exception <a 'sun/nio/fs/WindowsException'{0x00000000937aa360}> (0x00000000937aa360) thrown at [./src/hotspot/share/prims/jni.cpp, line 615]
Event: 18614.418 Thread 0x000002464b1d9800 Exception <a 'sun/nio/fs/WindowsException'{0x000000009541a898}> (0x000000009541a898) thrown at [./src/hotspot/share/prims/jni.cpp, line 615]
Event: 18614.484 Thread 0x0000024642d5e000 Exception <a 'sun/nio/fs/WindowsException'{0x0000000094e55158}> (0x0000000094e55158) thrown at [./src/hotspot/share/prims/jni.cpp, line 615]
Event: 18615.059 Thread 0x0000024642d5e000 Exception <a 'sun/nio/fs/WindowsException'{0x0000000094b73440}> (0x0000000094b73440) thrown at [./src/hotspot/share/prims/jni.cpp, line 615]
Event: 18615.123 Thread 0x0000024642d5e000 Exception <a 'sun/nio/fs/WindowsException'{0x0000000092cf9e68}> (0x0000000092cf9e68) thrown at [./src/hotspot/share/prims/jni.cpp, line 615]
Event: 18615.142 Thread 0x000002464b1db800 Exception <a 'sun/nio/fs/WindowsException'{0x0000000092666420}> (0x0000000092666420) thrown at [./src/hotspot/share/prims/jni.cpp, line 615]
Event: 18615.235 Thread 0x000002464b1db800 Exception <a 'sun/nio/fs/WindowsException'{0x000000008fd93cb8}> (0x000000008fd93cb8) thrown at [./src/hotspot/share/prims/jni.cpp, line 615]
Event: 18615.245 Thread 0x0000024642d5e000 Exception <a 'sun/nio/fs/WindowsException'{0x000000008f868f50}> (0x000000008f868f50) thrown at [./src/hotspot/share/prims/jni.cpp, line 615]
Event: 18615.508 Thread 0x000002464b1db800 Exception <a 'sun/nio/fs/WindowsException'{0x00000000917551d8}> (0x00000000917551d8) thrown at [./src/hotspot/share/prims/jni.cpp, line 615]
Event: 18615.849 Thread 0x000002464b1db800 Exception <a 'sun/nio/fs/WindowsException'{0x0000000091bd6f88}> (0x0000000091bd6f88) thrown at [./src/hotspot/share/prims/jni.cpp, line 615]

Events (20 events):
Event: 18615.220 loading class com/android/tools/r8/code/F0 done
Event: 18615.245 loading class com/android/tools/r8/code/F0
Event: 18615.245 loading class com/android/tools/r8/code/F0 done
Event: 18615.246 loading class com/android/tools/r8/code/G0
Event: 18615.246 loading class com/android/tools/r8/code/G0 done
Event: 18615.246 loading class com/android/tools/r8/code/G0
Event: 18615.246 loading class com/android/tools/r8/code/G0 done
Event: 18615.261 Executing VM operation: G1CollectForAllocation
Event: 18615.283 Executing VM operation: G1CollectForAllocation done
Event: 18615.498 loading class com/android/tools/r8/internal/Rr
Event: 18615.498 loading class com/android/tools/r8/internal/Rr done
Event: 18615.498 loading class com/android/tools/r8/internal/Rr
Event: 18615.498 loading class com/android/tools/r8/internal/Rr done
Event: 18615.567 Executing VM operation: CGC_Operation
Event: 18615.593 Executing VM operation: CGC_Operation done
Event: 18615.659 Executing VM operation: G1CollectForAllocation
Event: 18615.689 Executing VM operation: G1CollectForAllocation done
Event: 18615.748 Executing VM operation: CGC_Operation
Event: 18615.750 Executing VM operation: CGC_Operation done
Event: 18615.930 Executing VM operation: G1CollectForAllocation


Dynamic libraries:
0x00007ff755230000 - 0x00007ff75523a000 	C:\Program Files\Android\Android Studio\jre\bin\java.exe
0x00007ffd0b890000 - 0x00007ffd0ba85000 	C:\Windows\SYSTEM32\ntdll.dll
0x00007ffd0b330000 - 0x00007ffd0b3ee000 	C:\Windows\System32\KERNEL32.DLL
0x00007ffd09470000 - 0x00007ffd09739000 	C:\Windows\System32\KERNELBASE.dll
0x00007ffd09370000 - 0x00007ffd09470000 	C:\Windows\System32\ucrtbase.dll
0x00007ffcfdaf0000 - 0x00007ffcfdb09000 	C:\Program Files\Android\Android Studio\jre\bin\jli.dll
0x00007ffcfe240000 - 0x00007ffcfe257000 	C:\Program Files\Android\Android Studio\jre\bin\VCRUNTIME140.dll
0x00007ffd0a450000 - 0x00007ffd0a5f1000 	C:\Windows\System32\USER32.dll
0x00007ffd08fe0000 - 0x00007ffd09002000 	C:\Windows\System32\win32u.dll
0x00007ffce9830000 - 0x00007ffce9aca000 	C:\Windows\WinSxS\amd64_microsoft.windows.common-controls_6595b64144ccf1df_6.0.19041.1110_none_60b5254171f9507e\COMCTL32.dll
0x00007ffd0b100000 - 0x00007ffd0b12b000 	C:\Windows\System32\GDI32.dll
0x00007ffd0a270000 - 0x00007ffd0a30e000 	C:\Windows\System32\msvcrt.dll
0x00007ffd097d0000 - 0x00007ffd098db000 	C:\Windows\System32\gdi32full.dll
0x00007ffd091d0000 - 0x00007ffd0926d000 	C:\Windows\System32\msvcp_win.dll
0x00007ffd098e0000 - 0x00007ffd09910000 	C:\Windows\System32\IMM32.DLL
0x00007ffce61a0000 - 0x00007ffce623d000 	C:\Program Files\Android\Android Studio\jre\bin\msvcp140.dll
0x00007ffccc630000 - 0x00007ffccd0ff000 	C:\Program Files\Android\Android Studio\jre\bin\server\jvm.dll
0x00007ffd0b1b0000 - 0x00007ffd0b25c000 	C:\Windows\System32\ADVAPI32.dll
0x00007ffd09d50000 - 0x00007ffd09deb000 	C:\Windows\System32\sechost.dll
0x00007ffd0a310000 - 0x00007ffd0a43a000 	C:\Windows\System32\RPCRT4.dll
0x00007ffd0b820000 - 0x00007ffd0b828000 	C:\Windows\System32\PSAPI.DLL
0x00007ffcfc400000 - 0x00007ffcfc40a000 	C:\Windows\SYSTEM32\VERSION.dll
0x00007ffd06570000 - 0x00007ffd06597000 	C:\Windows\SYSTEM32\WINMM.dll
0x00007ffd04d50000 - 0x00007ffd04d59000 	C:\Windows\SYSTEM32\WSOCK32.dll
0x00007ffd0b750000 - 0x00007ffd0b7bb000 	C:\Windows\System32\WS2_32.dll
0x00007ffd07880000 - 0x00007ffd07892000 	C:\Windows\SYSTEM32\kernel.appcore.dll
0x00007ffd02270000 - 0x00007ffd02281000 	C:\Program Files\Android\Android Studio\jre\bin\verify.dll
0x00007ffd072e0000 - 0x00007ffd074c4000 	C:\Windows\SYSTEM32\DBGHELP.DLL
0x00007ffd01e50000 - 0x00007ffd01e7c000 	C:\Windows\SYSTEM32\dbgcore.DLL
0x00007ffd09740000 - 0x00007ffd097c3000 	C:\Windows\System32\bcryptPrimitives.dll
0x00007ffcfe410000 - 0x00007ffcfe439000 	C:\Program Files\Android\Android Studio\jre\bin\java.dll
0x00007ffd044c0000 - 0x00007ffd044cb000 	C:\Program Files\Android\Android Studio\jre\bin\jimage.dll
0x00007ffcfed30000 - 0x00007ffcfed48000 	C:\Program Files\Android\Android Studio\jre\bin\zip.dll
0x00007ffd0a9c0000 - 0x00007ffd0b0ff000 	C:\Windows\System32\SHELL32.dll
0x00007ffd06a80000 - 0x00007ffd07210000 	C:\Windows\SYSTEM32\windows.storage.dll
0x00007ffd0a600000 - 0x00007ffd0a955000 	C:\Windows\System32\combase.dll
0x00007ffd08930000 - 0x00007ffd0895c000 	C:\Windows\SYSTEM32\Wldp.dll
0x00007ffd0b4a0000 - 0x00007ffd0b54d000 	C:\Windows\System32\SHCORE.dll
0x00007ffd0a960000 - 0x00007ffd0a9b5000 	C:\Windows\System32\shlwapi.dll
0x00007ffd08ef0000 - 0x00007ffd08f0f000 	C:\Windows\SYSTEM32\profapi.dll
0x00007ffcfed00000 - 0x00007ffcfed1a000 	C:\Program Files\Android\Android Studio\jre\bin\net.dll
0x00007ffcff870000 - 0x00007ffcff978000 	C:\Windows\SYSTEM32\WINHTTP.dll
0x00007ffd08690000 - 0x00007ffd086fa000 	C:\Windows\system32\mswsock.dll
0x00007ffcfe2f0000 - 0x00007ffcfe304000 	C:\Program Files\Android\Android Studio\jre\bin\nio.dll
0x00007ffcfc3b0000 - 0x00007ffcfc3d7000 	C:\Users\Ashu_Upmi\.gradle\native\8bec1ad78214c89d9ad589b4d07fe93259594b29d510b10fafb7a158f7737e5d\windows-amd64\native-platform.dll
0x00007ffcd4ab0000 - 0x00007ffcd4bed000 	C:\Users\Ashu_Upmi\.gradle\native\53dbd7edfb1c66fb8903c78663c9afc45aea4f116125fa6feffd364cf09443e8\windows-amd64\native-platform-file-events.dll
0x00007ffd04190000 - 0x00007ffd0419a000 	C:\Program Files\Android\Android Studio\jre\bin\management.dll
0x00007ffcffa20000 - 0x00007ffcffa2c000 	C:\Program Files\Android\Android Studio\jre\bin\management_ext.dll
0x00007ffd08880000 - 0x00007ffd08898000 	C:\Windows\SYSTEM32\CRYPTSP.dll
0x00007ffd08010000 - 0x00007ffd08044000 	C:\Windows\system32\rsaenh.dll
0x00007ffd08fb0000 - 0x00007ffd08fd7000 	C:\Windows\System32\bcrypt.dll
0x00007ffd08e70000 - 0x00007ffd08e9e000 	C:\Windows\SYSTEM32\USERENV.dll
0x00007ffd088a0000 - 0x00007ffd088ac000 	C:\Windows\SYSTEM32\CRYPTBASE.dll
0x00007ffd08380000 - 0x00007ffd083bb000 	C:\Windows\SYSTEM32\IPHLPAPI.DLL
0x00007ffd0a440000 - 0x00007ffd0a448000 	C:\Windows\System32\NSI.dll
0x00007ffd02ef0000 - 0x00007ffd02f07000 	C:\Windows\SYSTEM32\dhcpcsvc6.DLL
0x00007ffd02fc0000 - 0x00007ffd02fdd000 	C:\Windows\SYSTEM32\dhcpcsvc.DLL
0x00007ffd083c0000 - 0x00007ffd0848c000 	C:\Windows\SYSTEM32\DNSAPI.dll
0x00007ffd07d60000 - 0x00007ffd07d93000 	C:\Windows\SYSTEM32\ntmarta.dll
0x00007ffcf3910000 - 0x00007ffcf392e000 	C:\Users\Ashu_Upmi\AppData\Local\Temp\native-platform4759613636343602375dir\native-platform.dll
0x00007ffcfa880000 - 0x00007ffcfa888000 	C:\Program Files\Android\Android Studio\jre\bin\rmi.dll

dbghelp: loaded successfully - version: 4.0.5 - missing functions: none
symbol engine: initialized successfully - sym options: 0x614 - pdb path: .;C:\Program Files\Android\Android Studio\jre\bin;C:\Windows\SYSTEM32;C:\Windows\WinSxS\amd64_microsoft.windows.common-controls_6595b64144ccf1df_6.0.19041.1110_none_60b5254171f9507e;C:\Program Files\Android\Android Studio\jre\bin\server;C:\Users\Ashu_Upmi\.gradle\native\8bec1ad78214c89d9ad589b4d07fe93259594b29d510b10fafb7a158f7737e5d\windows-amd64;C:\Users\Ashu_Upmi\.gradle\native\53dbd7edfb1c66fb8903c78663c9afc45aea4f116125fa6feffd364cf09443e8\windows-amd64;C:\Users\Ashu_Upmi\AppData\Local\Temp\native-platform4759613636343602375dir;C:\Users\Ashu_Upmi\AppData\Local\Temp\room-0e9322b9-2c54-45ce-a8dc-92a15d71be5e;C:\Users\Ashu_Upmi\AppData\Local\Temp\room-7aa42baa-6326-4355-b7c7-b8b52ace9482;C:\Users\Ashu_Upmi\AppData\Local\Temp\room-ecf7db12-de1b-4300-b1b2-8c8d3525bdcb;C:\Users\Ashu_Upmi\AppData\Local\Temp\room-669270a0-6771-436b-acd7-44bd7b5a938b

VM Arguments:
jvm_args: --add-opens=java.base/java.util=ALL-UNNAMED --add-opens=java.base/java.lang=ALL-UNNAMED --add-opens=java.base/java.lang.invoke=ALL-UNNAMED --add-opens=java.base/java.util=ALL-UNNAMED --add-opens=java.prefs/java.util.prefs=ALL-UNNAMED --add-opens=java.prefs/java.util.prefs=ALL-UNNAMED --add-opens=java.base/java.nio.charset=ALL-UNNAMED --add-opens=java.base/java.net=ALL-UNNAMED --add-opens=java.base/java.util.concurrent.atomic=ALL-UNNAMED -Xmx2048m -Dfile.encoding=UTF-8 -Duser.country=IN -Duser.language=en -Duser.variant 
java_command: org.gradle.launcher.daemon.bootstrap.GradleDaemon 7.0.2
java_class_path (initial): C:\Users\Ashu_Upmi\.gradle\wrapper\dists\gradle-7.0.2-bin\857tjihv64xamwrf0h14cai3r\gradle-7.0.2\lib\gradle-launcher-7.0.2.jar
Launcher Type: SUN_STANDARD

[Global flags]
     intx CICompilerCount                          = 4                                         {product} {ergonomic}
     uint ConcGCThreads                            = 2                                         {product} {ergonomic}
     uint G1ConcRefinementThreads                  = 8                                         {product} {ergonomic}
   size_t G1HeapRegionSize                         = 1048576                                   {product} {ergonomic}
    uintx GCDrainStackTargetSize                   = 64                                        {product} {ergonomic}
   size_t InitialHeapSize                          = 117440512                                 {product} {ergonomic}
   size_t MarkStackSize                            = 4194304                                   {product} {ergonomic}
   size_t MaxHeapSize                              = 2147483648                                {product} {command line}
   size_t MaxNewSize                               = 1287651328                                {product} {ergonomic}
   size_t MinHeapDeltaBytes                        = 1048576                                   {product} {ergonomic}
    uintx NonNMethodCodeHeapSize                   = 5836300                                {pd product} {ergonomic}
    uintx NonProfiledCodeHeapSize                  = 122910970                              {pd product} {ergonomic}
    uintx ProfiledCodeHeapSize                     = 122910970                              {pd product} {ergonomic}
    uintx ReservedCodeCacheSize                    = 251658240                              {pd product} {ergonomic}
     bool SegmentedCodeCache                       = true                                      {product} {ergonomic}
     bool UseCompressedClassPointers               = true                                 {lp64_product} {ergonomic}
     bool UseCompressedOops                        = true                                 {lp64_product} {ergonomic}
     bool UseG1GC                                  = true                                      {product} {ergonomic}
     bool UseLargePagesIndividualAllocation        = false                                  {pd product} {ergonomic}

Logging:
Log output configuration:
 #0: stdout all=warning uptime,level,tags
 #1: stderr all=off uptime,level,tags

Environment Variables:
PATH=C:\Program Files\Common Files\Oracle\Java\javapath;C:\Windows\system32;C:\Windows;C:\Windows\System32\Wbem;C:\Windows\System32\WindowsPowerShell\v1.0\;C:\Windows\System32\OpenSSH\;C:\Program Files\Git\cmd;C:\Program Files\nodejs\;C:\Users\Ashu_Upmi\AppData\Local\Microsoft\WindowsApps;;C:\Users\Ashu_Upmi\AppData\Local\Programs\Microsoft VS Code\bin;C:\Users\Ashu_Upmi\AppData\Roaming\npm;C:\Program Files\heroku\bin
USERNAME=Ashu_Upmi
OS=Windows_NT
PROCESSOR_IDENTIFIER=AMD64 Family 23 Model 24 Stepping 1, AuthenticAMD



---------------  S Y S T E M  ---------------

OS: Windows 10 , 64 bit Build 19041 (10.0.19041.1202)
OS uptime: 6 days 8:23 hours

CPU:total 8 (initial active 8) (8 cores per cpu, 2 threads per core) family 23 model 24 stepping 1 microcode 0x0, cmov, cx8, fxsr, mmx, sse, sse2, sse3, ssse3, sse4.1, sse4.2, popcnt, avx, avx2, aes, clmul, mmxext, 3dnowpref, lzcnt, sse4a, ht, tsc, tscinvbit, tscinv, bmi1, bmi2, adx, s

Memory: 4k page, system-wide physical 7103M (336M free)
TotalPageFile size 17281M (AvailPageFile size 272M)
current process WorkingSet (physical memory assigned to process): 694M, peak: 981M
current process commit charge ("private bytes"): 962M, peak: 1304M

vm_info: OpenJDK 64-Bit Server VM (11.0.10+0-b96-7249189) for windows-amd64 JRE (11.0.10+0-b96-7249189), built on Mar 31 2021 21:44:00 by "builder" with MS VC++ 14.0 (VS2015)

END.
